
================= Gated clock report =================

The following instances have been converted
Seq Inst                                                              Instance Port     Clock                                                                        
---------------------------------------------------------------------------------------------------------------------------------------------------------------------
COM_LADDER_SC_INSTRUC_REG.a\.4\.b\.c.scan_out                         clk               comp_gestion_hybrides_v4.control_alim.gen\.15\.latch_n.ladder_fpga_sc_tck_c_i
COM_LADDER_SC_INSTRUC_REG.a\.4\.b\.c.ff1                              clk               ladder_fpga_sc_tck_c                                                         
COM_LADDER_SC_INSTRUC_REG.a\.1\.d\.e.scan_out                         clk               comp_gestion_hybrides_v4.control_alim.gen\.15\.latch_n.ladder_fpga_sc_tck_c_i
COM_LADDER_SC_INSTRUC_REG.a\.1\.d\.e.ff1                              clk               ladder_fpga_sc_tck_c                                                         
COM_LADDER_SC_INSTRUC_REG.a\.0\.d\.e.scan_out                         clk               comp_gestion_hybrides_v4.control_alim.gen\.15\.latch_n.ladder_fpga_sc_tck_c_i
COM_LADDER_SC_INSTRUC_REG.a\.0\.d\.e.ff1                              clk               ladder_fpga_sc_tck_c                                                         
COM_LADDER_SC_INSTRUC_REG.a\.3\.d\.e.scan_out                         clk               comp_gestion_hybrides_v4.control_alim.gen\.15\.latch_n.ladder_fpga_sc_tck_c_i
COM_LADDER_SC_INSTRUC_REG.a\.3\.d\.e.ff1                              clk               ladder_fpga_sc_tck_c                                                         
COM_LADDER_SC_INSTRUC_REG.a\.2\.d\.e.scan_out                         clk               comp_gestion_hybrides_v4.control_alim.gen\.15\.latch_n.ladder_fpga_sc_tck_c_i
COM_LADDER_SC_INSTRUC_REG.a\.2\.d\.e.ff1                              clk               ladder_fpga_sc_tck_c                                                         
COMP_ladder_fpga_SC_BYPASS_REG.scan_out                               clk               comp_gestion_hybrides_v4.control_alim.gen\.15\.latch_n.ladder_fpga_sc_tck_c_i
COMP_ladder_fpga_SC_BYPASS_REG.ff1                                    clk               ladder_fpga_sc_tck_c                                                         
COMP_ladder_fpga_SC_IDENT_REG.a\.7\.b\.c.scan_out                     clk               comp_gestion_hybrides_v4.control_alim.gen\.15\.latch_n.ladder_fpga_sc_tck_c_i
COMP_ladder_fpga_SC_IDENT_REG.a\.7\.b\.c.ff1                          clk               ladder_fpga_sc_tck_c                                                         
COMP_ladder_fpga_SC_IDENT_REG.a\.5\.d\.e.scan_out                     clk               comp_gestion_hybrides_v4.control_alim.gen\.15\.latch_n.ladder_fpga_sc_tck_c_i
COMP_ladder_fpga_SC_IDENT_REG.a\.5\.d\.e.ff1                          clk               ladder_fpga_sc_tck_c                                                         
COMP_ladder_fpga_SC_IDENT_REG.a\.4\.d\.e.scan_out                     clk               comp_gestion_hybrides_v4.control_alim.gen\.15\.latch_n.ladder_fpga_sc_tck_c_i
COMP_ladder_fpga_SC_IDENT_REG.a\.4\.d\.e.ff1                          clk               ladder_fpga_sc_tck_c                                                         
COMP_ladder_fpga_SC_IDENT_REG.a\.1\.d\.e.scan_out                     clk               comp_gestion_hybrides_v4.control_alim.gen\.15\.latch_n.ladder_fpga_sc_tck_c_i
COMP_ladder_fpga_SC_IDENT_REG.a\.1\.d\.e.ff1                          clk               ladder_fpga_sc_tck_c                                                         
COMP_ladder_fpga_SC_IDENT_REG.a\.2\.d\.e.scan_out                     clk               comp_gestion_hybrides_v4.control_alim.gen\.15\.latch_n.ladder_fpga_sc_tck_c_i
COMP_ladder_fpga_SC_IDENT_REG.a\.2\.d\.e.ff1                          clk               ladder_fpga_sc_tck_c                                                         
COMP_ladder_fpga_SC_IDENT_REG.a\.3\.d\.e.scan_out                     clk               comp_gestion_hybrides_v4.control_alim.gen\.15\.latch_n.ladder_fpga_sc_tck_c_i
COMP_ladder_fpga_SC_IDENT_REG.a\.3\.d\.e.ff1                          clk               ladder_fpga_sc_tck_c                                                         
COMP_ladder_fpga_SC_IDENT_REG.a\.6\.d\.e.scan_out                     clk               comp_gestion_hybrides_v4.control_alim.gen\.15\.latch_n.ladder_fpga_sc_tck_c_i
COMP_ladder_fpga_SC_IDENT_REG.a\.6\.d\.e.ff1                          clk               ladder_fpga_sc_tck_c                                                         
COMP_ladder_fpga_SC_IDENT_REG.a\.0\.d\.e.scan_out                     clk               comp_gestion_hybrides_v4.control_alim.gen\.15\.latch_n.ladder_fpga_sc_tck_c_i
COMP_ladder_fpga_SC_IDENT_REG.a\.0\.d\.e.ff1                          clk               ladder_fpga_sc_tck_c                                                         
COMP_ladder_fpga_SC_VERSION_REG.a\.14\.d\.e.scan_out                  clk               comp_gestion_hybrides_v4.control_alim.gen\.15\.latch_n.ladder_fpga_sc_tck_c_i
COMP_ladder_fpga_SC_VERSION_REG.a\.14\.d\.e.ff1                       clk               ladder_fpga_sc_tck_c                                                         
COMP_ladder_fpga_SC_VERSION_REG.a\.23\.d\.e.scan_out                  clk               comp_gestion_hybrides_v4.control_alim.gen\.15\.latch_n.ladder_fpga_sc_tck_c_i
COMP_ladder_fpga_SC_VERSION_REG.a\.23\.d\.e.ff1                       clk               ladder_fpga_sc_tck_c                                                         
COMP_ladder_fpga_SC_VERSION_REG.a\.6\.d\.e.scan_out                   clk               comp_gestion_hybrides_v4.control_alim.gen\.15\.latch_n.ladder_fpga_sc_tck_c_i
COMP_ladder_fpga_SC_VERSION_REG.a\.6\.d\.e.ff1                        clk               ladder_fpga_sc_tck_c                                                         
COMP_ladder_fpga_SC_VERSION_REG.a\.1\.d\.e.scan_out                   clk               comp_gestion_hybrides_v4.control_alim.gen\.15\.latch_n.ladder_fpga_sc_tck_c_i
COMP_ladder_fpga_SC_VERSION_REG.a\.1\.d\.e.ff1                        clk               ladder_fpga_sc_tck_c                                                         
COMP_ladder_fpga_SC_VERSION_REG.a\.10\.d\.e.scan_out                  clk               comp_gestion_hybrides_v4.control_alim.gen\.15\.latch_n.ladder_fpga_sc_tck_c_i
COMP_ladder_fpga_SC_VERSION_REG.a\.10\.d\.e.ff1                       clk               ladder_fpga_sc_tck_c                                                         
COMP_ladder_fpga_SC_VERSION_REG.a\.7\.d\.e.scan_out                   clk               comp_gestion_hybrides_v4.control_alim.gen\.15\.latch_n.ladder_fpga_sc_tck_c_i
COMP_ladder_fpga_SC_VERSION_REG.a\.7\.d\.e.ff1                        clk               ladder_fpga_sc_tck_c                                                         
COMP_ladder_fpga_SC_VERSION_REG.a\.3\.d\.e.scan_out                   clk               comp_gestion_hybrides_v4.control_alim.gen\.15\.latch_n.ladder_fpga_sc_tck_c_i
COMP_ladder_fpga_SC_VERSION_REG.a\.3\.d\.e.ff1                        clk               ladder_fpga_sc_tck_c                                                         
COMP_ladder_fpga_SC_VERSION_REG.a\.12\.d\.e.scan_out                  clk               comp_gestion_hybrides_v4.control_alim.gen\.15\.latch_n.ladder_fpga_sc_tck_c_i
COMP_ladder_fpga_SC_VERSION_REG.a\.12\.d\.e.ff1                       clk               ladder_fpga_sc_tck_c                                                         
COMP_ladder_fpga_SC_VERSION_REG.a\.8\.d\.e.scan_out                   clk               comp_gestion_hybrides_v4.control_alim.gen\.15\.latch_n.ladder_fpga_sc_tck_c_i
COMP_ladder_fpga_SC_VERSION_REG.a\.8\.d\.e.ff1                        clk               ladder_fpga_sc_tck_c                                                         
COMP_ladder_fpga_SC_VERSION_REG.a\.4\.d\.e.scan_out                   clk               comp_gestion_hybrides_v4.control_alim.gen\.15\.latch_n.ladder_fpga_sc_tck_c_i
COMP_ladder_fpga_SC_VERSION_REG.a\.4\.d\.e.ff1                        clk               ladder_fpga_sc_tck_c                                                         
COMP_ladder_fpga_SC_VERSION_REG.a\.13\.d\.e.scan_out                  clk               comp_gestion_hybrides_v4.control_alim.gen\.15\.latch_n.ladder_fpga_sc_tck_c_i
COMP_ladder_fpga_SC_VERSION_REG.a\.13\.d\.e.ff1                       clk               ladder_fpga_sc_tck_c                                                         
COMP_ladder_fpga_SC_VERSION_REG.a\.22\.d\.e.scan_out                  clk               comp_gestion_hybrides_v4.control_alim.gen\.15\.latch_n.ladder_fpga_sc_tck_c_i
COMP_ladder_fpga_SC_VERSION_REG.a\.22\.d\.e.ff1                       clk               ladder_fpga_sc_tck_c                                                         
COMP_ladder_fpga_SC_VERSION_REG.a\.5\.d\.e.scan_out                   clk               comp_gestion_hybrides_v4.control_alim.gen\.15\.latch_n.ladder_fpga_sc_tck_c_i
COMP_ladder_fpga_SC_VERSION_REG.a\.5\.d\.e.ff1                        clk               ladder_fpga_sc_tck_c                                                         
COMP_ladder_fpga_SC_VERSION_REG.a\.27\.d\.e.scan_out                  clk               comp_gestion_hybrides_v4.control_alim.gen\.15\.latch_n.ladder_fpga_sc_tck_c_i
COMP_ladder_fpga_SC_VERSION_REG.a\.27\.d\.e.ff1                       clk               ladder_fpga_sc_tck_c                                                         
COMP_ladder_fpga_SC_VERSION_REG.a\.19\.d\.e.scan_out                  clk               comp_gestion_hybrides_v4.control_alim.gen\.15\.latch_n.ladder_fpga_sc_tck_c_i
COMP_ladder_fpga_SC_VERSION_REG.a\.19\.d\.e.ff1                       clk               ladder_fpga_sc_tck_c                                                         
COMP_ladder_fpga_SC_VERSION_REG.a\.9\.d\.e.scan_out                   clk               comp_gestion_hybrides_v4.control_alim.gen\.15\.latch_n.ladder_fpga_sc_tck_c_i
COMP_ladder_fpga_SC_VERSION_REG.a\.9\.d\.e.ff1                        clk               ladder_fpga_sc_tck_c                                                         
COMP_ladder_fpga_SC_VERSION_REG.a\.0\.d\.e.scan_out                   clk               comp_gestion_hybrides_v4.control_alim.gen\.15\.latch_n.ladder_fpga_sc_tck_c_i
COMP_ladder_fpga_SC_VERSION_REG.a\.0\.d\.e.ff1                        clk               ladder_fpga_sc_tck_c                                                         
COMP_ladder_fpga_SC_VERSION_REG.a\.20\.d\.e.scan_out                  clk               comp_gestion_hybrides_v4.control_alim.gen\.15\.latch_n.ladder_fpga_sc_tck_c_i
COMP_ladder_fpga_SC_VERSION_REG.a\.20\.d\.e.ff1                       clk               ladder_fpga_sc_tck_c                                                         
COMP_ladder_fpga_SC_VERSION_REG.a\.16\.d\.e.scan_out                  clk               comp_gestion_hybrides_v4.control_alim.gen\.15\.latch_n.ladder_fpga_sc_tck_c_i
COMP_ladder_fpga_SC_VERSION_REG.a\.16\.d\.e.ff1                       clk               ladder_fpga_sc_tck_c                                                         
COMP_ladder_fpga_SC_VERSION_REG.a\.25\.d\.e.scan_out                  clk               comp_gestion_hybrides_v4.control_alim.gen\.15\.latch_n.ladder_fpga_sc_tck_c_i
COMP_ladder_fpga_SC_VERSION_REG.a\.25\.d\.e.ff1                       clk               ladder_fpga_sc_tck_c                                                         
COMP_ladder_fpga_SC_VERSION_REG.a\.21\.d\.e.scan_out                  clk               comp_gestion_hybrides_v4.control_alim.gen\.15\.latch_n.ladder_fpga_sc_tck_c_i
COMP_ladder_fpga_SC_VERSION_REG.a\.21\.d\.e.ff1                       clk               ladder_fpga_sc_tck_c                                                         
COMP_ladder_fpga_SC_VERSION_REG.a\.17\.d\.e.scan_out                  clk               comp_gestion_hybrides_v4.control_alim.gen\.15\.latch_n.ladder_fpga_sc_tck_c_i
COMP_ladder_fpga_SC_VERSION_REG.a\.17\.d\.e.ff1                       clk               ladder_fpga_sc_tck_c                                                         
COMP_ladder_fpga_SC_VERSION_REG.a\.26\.d\.e.scan_out                  clk               comp_gestion_hybrides_v4.control_alim.gen\.15\.latch_n.ladder_fpga_sc_tck_c_i
COMP_ladder_fpga_SC_VERSION_REG.a\.26\.d\.e.ff1                       clk               ladder_fpga_sc_tck_c                                                         
COMP_ladder_fpga_SC_VERSION_REG.a\.29\.d\.e.scan_out                  clk               comp_gestion_hybrides_v4.control_alim.gen\.15\.latch_n.ladder_fpga_sc_tck_c_i
COMP_ladder_fpga_SC_VERSION_REG.a\.29\.d\.e.ff1                       clk               ladder_fpga_sc_tck_c                                                         
COMP_ladder_fpga_SC_VERSION_REG.a\.18\.d\.e.scan_out                  clk               comp_gestion_hybrides_v4.control_alim.gen\.15\.latch_n.ladder_fpga_sc_tck_c_i
COMP_ladder_fpga_SC_VERSION_REG.a\.18\.d\.e.ff1                       clk               ladder_fpga_sc_tck_c                                                         
COMP_ladder_fpga_SC_VERSION_REG.a\.15\.d\.e.scan_out                  clk               comp_gestion_hybrides_v4.control_alim.gen\.15\.latch_n.ladder_fpga_sc_tck_c_i
COMP_ladder_fpga_SC_VERSION_REG.a\.15\.d\.e.ff1                       clk               ladder_fpga_sc_tck_c                                                         
COMP_ladder_fpga_SC_VERSION_REG.a\.24\.d\.e.scan_out                  clk               comp_gestion_hybrides_v4.control_alim.gen\.15\.latch_n.ladder_fpga_sc_tck_c_i
COMP_ladder_fpga_SC_VERSION_REG.a\.24\.d\.e.ff1                       clk               ladder_fpga_sc_tck_c                                                         
COMP_ladder_fpga_SC_VERSION_REG.a\.28\.d\.e.scan_out                  clk               comp_gestion_hybrides_v4.control_alim.gen\.15\.latch_n.ladder_fpga_sc_tck_c_i
COMP_ladder_fpga_SC_VERSION_REG.a\.28\.d\.e.ff1                       clk               ladder_fpga_sc_tck_c                                                         
COMP_ladder_fpga_SC_VERSION_REG.a\.2\.d\.e.scan_out                   clk               comp_gestion_hybrides_v4.control_alim.gen\.15\.latch_n.ladder_fpga_sc_tck_c_i
COMP_ladder_fpga_SC_VERSION_REG.a\.2\.d\.e.ff1                        clk               ladder_fpga_sc_tck_c                                                         
COMP_ladder_fpga_SC_VERSION_REG.a\.11\.d\.e.scan_out                  clk               comp_gestion_hybrides_v4.control_alim.gen\.15\.latch_n.ladder_fpga_sc_tck_c_i
COMP_ladder_fpga_SC_VERSION_REG.a\.11\.d\.e.ff1                       clk               ladder_fpga_sc_tck_c                                                         
COMP_ladder_fpga_SC_ETAT_REG.a\.21\.b\.c.scan_out                     clk               comp_gestion_hybrides_v4.control_alim.gen\.15\.latch_n.ladder_fpga_sc_tck_c_i
COMP_ladder_fpga_SC_ETAT_REG.a\.21\.b\.c.ff1                          clk               ladder_fpga_sc_tck_c                                                         
COMP_ladder_fpga_SC_ETAT_REG.a\.14\.d\.e.scan_out                     clk               comp_gestion_hybrides_v4.control_alim.gen\.15\.latch_n.ladder_fpga_sc_tck_c_i
COMP_ladder_fpga_SC_ETAT_REG.a\.14\.d\.e.ff1                          clk               ladder_fpga_sc_tck_c                                                         
COMP_ladder_fpga_SC_ETAT_REG.a\.18\.d\.e.scan_out                     clk               comp_gestion_hybrides_v4.control_alim.gen\.15\.latch_n.ladder_fpga_sc_tck_c_i
COMP_ladder_fpga_SC_ETAT_REG.a\.18\.d\.e.ff1                          clk               ladder_fpga_sc_tck_c                                                         
COMP_ladder_fpga_SC_ETAT_REG.a\.16\.d\.e.scan_out                     clk               comp_gestion_hybrides_v4.control_alim.gen\.15\.latch_n.ladder_fpga_sc_tck_c_i
COMP_ladder_fpga_SC_ETAT_REG.a\.16\.d\.e.ff1                          clk               ladder_fpga_sc_tck_c                                                         
COMP_ladder_fpga_SC_ETAT_REG.a\.17\.d\.e.scan_out                     clk               comp_gestion_hybrides_v4.control_alim.gen\.15\.latch_n.ladder_fpga_sc_tck_c_i
COMP_ladder_fpga_SC_ETAT_REG.a\.17\.d\.e.ff1                          clk               ladder_fpga_sc_tck_c                                                         
COMP_ladder_fpga_SC_ETAT_REG.a\.11\.d\.e.scan_out                     clk               comp_gestion_hybrides_v4.control_alim.gen\.15\.latch_n.ladder_fpga_sc_tck_c_i
COMP_ladder_fpga_SC_ETAT_REG.a\.11\.d\.e.ff1                          clk               ladder_fpga_sc_tck_c                                                         
COMP_ladder_fpga_SC_ETAT_REG.a\.7\.d\.e.scan_out                      clk               comp_gestion_hybrides_v4.control_alim.gen\.15\.latch_n.ladder_fpga_sc_tck_c_i
COMP_ladder_fpga_SC_ETAT_REG.a\.7\.d\.e.ff1                           clk               ladder_fpga_sc_tck_c                                                         
COMP_ladder_fpga_SC_ETAT_REG.a\.15\.d\.e.scan_out                     clk               comp_gestion_hybrides_v4.control_alim.gen\.15\.latch_n.ladder_fpga_sc_tck_c_i
COMP_ladder_fpga_SC_ETAT_REG.a\.15\.d\.e.ff1                          clk               ladder_fpga_sc_tck_c                                                         
COMP_ladder_fpga_SC_ETAT_REG.a\.12\.d\.e.scan_out                     clk               comp_gestion_hybrides_v4.control_alim.gen\.15\.latch_n.ladder_fpga_sc_tck_c_i
COMP_ladder_fpga_SC_ETAT_REG.a\.12\.d\.e.ff1                          clk               ladder_fpga_sc_tck_c                                                         
COMP_ladder_fpga_SC_ETAT_REG.a\.8\.d\.e.scan_out                      clk               comp_gestion_hybrides_v4.control_alim.gen\.15\.latch_n.ladder_fpga_sc_tck_c_i
COMP_ladder_fpga_SC_ETAT_REG.a\.8\.d\.e.ff1                           clk               ladder_fpga_sc_tck_c                                                         
COMP_ladder_fpga_SC_ETAT_REG.a\.4\.d\.e.scan_out                      clk               comp_gestion_hybrides_v4.control_alim.gen\.15\.latch_n.ladder_fpga_sc_tck_c_i
COMP_ladder_fpga_SC_ETAT_REG.a\.4\.d\.e.ff1                           clk               ladder_fpga_sc_tck_c                                                         
COMP_ladder_fpga_SC_ETAT_REG.a\.2\.d\.e.scan_out                      clk               comp_gestion_hybrides_v4.control_alim.gen\.15\.latch_n.ladder_fpga_sc_tck_c_i
COMP_ladder_fpga_SC_ETAT_REG.a\.2\.d\.e.ff1                           clk               ladder_fpga_sc_tck_c                                                         
COMP_ladder_fpga_SC_ETAT_REG.a\.6\.d\.e.scan_out                      clk               comp_gestion_hybrides_v4.control_alim.gen\.15\.latch_n.ladder_fpga_sc_tck_c_i
COMP_ladder_fpga_SC_ETAT_REG.a\.6\.d\.e.ff1                           clk               ladder_fpga_sc_tck_c                                                         
COMP_ladder_fpga_SC_ETAT_REG.a\.20\.d\.e.scan_out                     clk               comp_gestion_hybrides_v4.control_alim.gen\.15\.latch_n.ladder_fpga_sc_tck_c_i
COMP_ladder_fpga_SC_ETAT_REG.a\.20\.d\.e.ff1                          clk               ladder_fpga_sc_tck_c                                                         
COMP_ladder_fpga_SC_ETAT_REG.a\.5\.d\.e.scan_out                      clk               comp_gestion_hybrides_v4.control_alim.gen\.15\.latch_n.ladder_fpga_sc_tck_c_i
COMP_ladder_fpga_SC_ETAT_REG.a\.5\.d\.e.ff1                           clk               ladder_fpga_sc_tck_c                                                         
COMP_ladder_fpga_SC_ETAT_REG.a\.9\.d\.e.scan_out                      clk               comp_gestion_hybrides_v4.control_alim.gen\.15\.latch_n.ladder_fpga_sc_tck_c_i
COMP_ladder_fpga_SC_ETAT_REG.a\.9\.d\.e.ff1                           clk               ladder_fpga_sc_tck_c                                                         
COMP_ladder_fpga_SC_ETAT_REG.a\.19\.d\.e.scan_out                     clk               comp_gestion_hybrides_v4.control_alim.gen\.15\.latch_n.ladder_fpga_sc_tck_c_i
COMP_ladder_fpga_SC_ETAT_REG.a\.19\.d\.e.ff1                          clk               ladder_fpga_sc_tck_c                                                         
COMP_ladder_fpga_SC_ETAT_REG.a\.0\.d\.e.scan_out                      clk               comp_gestion_hybrides_v4.control_alim.gen\.15\.latch_n.ladder_fpga_sc_tck_c_i
COMP_ladder_fpga_SC_ETAT_REG.a\.0\.d\.e.ff1                           clk               ladder_fpga_sc_tck_c                                                         
COMP_ladder_fpga_SC_ETAT_REG.a\.1\.d\.e.scan_out                      clk               comp_gestion_hybrides_v4.control_alim.gen\.15\.latch_n.ladder_fpga_sc_tck_c_i
COMP_ladder_fpga_SC_ETAT_REG.a\.1\.d\.e.ff1                           clk               ladder_fpga_sc_tck_c                                                         
COMP_ladder_fpga_SC_ETAT_REG.a\.10\.d\.e.scan_out                     clk               comp_gestion_hybrides_v4.control_alim.gen\.15\.latch_n.ladder_fpga_sc_tck_c_i
COMP_ladder_fpga_SC_ETAT_REG.a\.10\.d\.e.ff1                          clk               ladder_fpga_sc_tck_c                                                         
COMP_ladder_fpga_SC_ETAT_REG.a\.13\.d\.e.scan_out                     clk               comp_gestion_hybrides_v4.control_alim.gen\.15\.latch_n.ladder_fpga_sc_tck_c_i
COMP_ladder_fpga_SC_ETAT_REG.a\.13\.d\.e.ff1                          clk               ladder_fpga_sc_tck_c                                                         
COMP_ladder_fpga_SC_ETAT_REG.a\.3\.d\.e.scan_out                      clk               comp_gestion_hybrides_v4.control_alim.gen\.15\.latch_n.ladder_fpga_sc_tck_c_i
COMP_ladder_fpga_SC_ETAT_REG.a\.3\.d\.e.ff1                           clk               ladder_fpga_sc_tck_c                                                         
COMP_ladder_fpga_SC_DEBUG_REG.a\.14\.d\.e.scan_out                    clk               comp_gestion_hybrides_v4.control_alim.gen\.15\.latch_n.ladder_fpga_sc_tck_c_i
COMP_ladder_fpga_SC_DEBUG_REG.a\.14\.d\.e.ff1                         clk               ladder_fpga_sc_tck_c                                                         
COMP_ladder_fpga_SC_DEBUG_REG.a\.18\.d\.e.scan_out                    clk               comp_gestion_hybrides_v4.control_alim.gen\.15\.latch_n.ladder_fpga_sc_tck_c_i
COMP_ladder_fpga_SC_DEBUG_REG.a\.18\.d\.e.ff1                         clk               ladder_fpga_sc_tck_c                                                         
COMP_ladder_fpga_SC_DEBUG_REG.a\.16\.d\.e.scan_out                    clk               comp_gestion_hybrides_v4.control_alim.gen\.15\.latch_n.ladder_fpga_sc_tck_c_i
COMP_ladder_fpga_SC_DEBUG_REG.a\.16\.d\.e.ff1                         clk               ladder_fpga_sc_tck_c                                                         
COMP_ladder_fpga_SC_DEBUG_REG.a\.17\.d\.e.scan_out                    clk               comp_gestion_hybrides_v4.control_alim.gen\.15\.latch_n.ladder_fpga_sc_tck_c_i
COMP_ladder_fpga_SC_DEBUG_REG.a\.17\.d\.e.ff1                         clk               ladder_fpga_sc_tck_c                                                         
COMP_ladder_fpga_SC_DEBUG_REG.a\.11\.d\.e.scan_out                    clk               comp_gestion_hybrides_v4.control_alim.gen\.15\.latch_n.ladder_fpga_sc_tck_c_i
COMP_ladder_fpga_SC_DEBUG_REG.a\.11\.d\.e.ff1                         clk               ladder_fpga_sc_tck_c                                                         
COMP_ladder_fpga_SC_DEBUG_REG.a\.7\.d\.e.scan_out                     clk               comp_gestion_hybrides_v4.control_alim.gen\.15\.latch_n.ladder_fpga_sc_tck_c_i
COMP_ladder_fpga_SC_DEBUG_REG.a\.7\.d\.e.ff1                          clk               ladder_fpga_sc_tck_c                                                         
COMP_ladder_fpga_SC_DEBUG_REG.a\.15\.d\.e.scan_out                    clk               comp_gestion_hybrides_v4.control_alim.gen\.15\.latch_n.ladder_fpga_sc_tck_c_i
COMP_ladder_fpga_SC_DEBUG_REG.a\.15\.d\.e.ff1                         clk               ladder_fpga_sc_tck_c                                                         
COMP_ladder_fpga_SC_DEBUG_REG.a\.12\.d\.e.scan_out                    clk               comp_gestion_hybrides_v4.control_alim.gen\.15\.latch_n.ladder_fpga_sc_tck_c_i
COMP_ladder_fpga_SC_DEBUG_REG.a\.12\.d\.e.ff1                         clk               ladder_fpga_sc_tck_c                                                         
COMP_ladder_fpga_SC_DEBUG_REG.a\.8\.d\.e.scan_out                     clk               comp_gestion_hybrides_v4.control_alim.gen\.15\.latch_n.ladder_fpga_sc_tck_c_i
COMP_ladder_fpga_SC_DEBUG_REG.a\.8\.d\.e.ff1                          clk               ladder_fpga_sc_tck_c                                                         
COMP_ladder_fpga_SC_DEBUG_REG.a\.4\.d\.e.scan_out                     clk               comp_gestion_hybrides_v4.control_alim.gen\.15\.latch_n.ladder_fpga_sc_tck_c_i
COMP_ladder_fpga_SC_DEBUG_REG.a\.4\.d\.e.ff1                          clk               ladder_fpga_sc_tck_c                                                         
COMP_ladder_fpga_SC_DEBUG_REG.a\.2\.d\.e.scan_out                     clk               comp_gestion_hybrides_v4.control_alim.gen\.15\.latch_n.ladder_fpga_sc_tck_c_i
COMP_ladder_fpga_SC_DEBUG_REG.a\.2\.d\.e.ff1                          clk               ladder_fpga_sc_tck_c                                                         
COMP_ladder_fpga_SC_DEBUG_REG.a\.6\.d\.e.scan_out                     clk               comp_gestion_hybrides_v4.control_alim.gen\.15\.latch_n.ladder_fpga_sc_tck_c_i
COMP_ladder_fpga_SC_DEBUG_REG.a\.6\.d\.e.ff1                          clk               ladder_fpga_sc_tck_c                                                         
COMP_ladder_fpga_SC_DEBUG_REG.a\.20\.d\.e.scan_out                    clk               comp_gestion_hybrides_v4.control_alim.gen\.15\.latch_n.ladder_fpga_sc_tck_c_i
COMP_ladder_fpga_SC_DEBUG_REG.a\.20\.d\.e.ff1                         clk               ladder_fpga_sc_tck_c                                                         
COMP_ladder_fpga_SC_DEBUG_REG.a\.5\.d\.e.scan_out                     clk               comp_gestion_hybrides_v4.control_alim.gen\.15\.latch_n.ladder_fpga_sc_tck_c_i
COMP_ladder_fpga_SC_DEBUG_REG.a\.5\.d\.e.ff1                          clk               ladder_fpga_sc_tck_c                                                         
COMP_ladder_fpga_SC_DEBUG_REG.a\.9\.d\.e.scan_out                     clk               comp_gestion_hybrides_v4.control_alim.gen\.15\.latch_n.ladder_fpga_sc_tck_c_i
COMP_ladder_fpga_SC_DEBUG_REG.a\.9\.d\.e.ff1                          clk               ladder_fpga_sc_tck_c                                                         
COMP_ladder_fpga_SC_DEBUG_REG.a\.19\.d\.e.scan_out                    clk               comp_gestion_hybrides_v4.control_alim.gen\.15\.latch_n.ladder_fpga_sc_tck_c_i
COMP_ladder_fpga_SC_DEBUG_REG.a\.19\.d\.e.ff1                         clk               ladder_fpga_sc_tck_c                                                         
COMP_ladder_fpga_SC_DEBUG_REG.a\.0\.d\.e.scan_out                     clk               comp_gestion_hybrides_v4.control_alim.gen\.15\.latch_n.ladder_fpga_sc_tck_c_i
COMP_ladder_fpga_SC_DEBUG_REG.a\.0\.d\.e.ff1                          clk               ladder_fpga_sc_tck_c                                                         
COMP_ladder_fpga_SC_DEBUG_REG.a\.1\.d\.e.scan_out                     clk               comp_gestion_hybrides_v4.control_alim.gen\.15\.latch_n.ladder_fpga_sc_tck_c_i
COMP_ladder_fpga_SC_DEBUG_REG.a\.1\.d\.e.ff1                          clk               ladder_fpga_sc_tck_c                                                         
COMP_ladder_fpga_SC_DEBUG_REG.a\.10\.d\.e.scan_out                    clk               comp_gestion_hybrides_v4.control_alim.gen\.15\.latch_n.ladder_fpga_sc_tck_c_i
COMP_ladder_fpga_SC_DEBUG_REG.a\.10\.d\.e.ff1                         clk               ladder_fpga_sc_tck_c                                                         
COMP_ladder_fpga_SC_DEBUG_REG.a\.13\.d\.e.scan_out                    clk               comp_gestion_hybrides_v4.control_alim.gen\.15\.latch_n.ladder_fpga_sc_tck_c_i
COMP_ladder_fpga_SC_DEBUG_REG.a\.13\.d\.e.ff1                         clk               ladder_fpga_sc_tck_c                                                         
COMP_ladder_fpga_SC_DEBUG_REG.a\.3\.d\.e.scan_out                     clk               comp_gestion_hybrides_v4.control_alim.gen\.15\.latch_n.ladder_fpga_sc_tck_c_i
COMP_ladder_fpga_SC_DEBUG_REG.a\.3\.d\.e.ff1                          clk               ladder_fpga_sc_tck_c                                                         
COMP_LADDER_FPGA_SC_ROBOCLOCK_PHASE.a\.23\.b\.c.scan_out              clk               comp_gestion_hybrides_v4.control_alim.gen\.15\.latch_n.ladder_fpga_sc_tck_c_i
COMP_LADDER_FPGA_SC_ROBOCLOCK_PHASE.a\.23\.b\.c.ff1                   clk               ladder_fpga_sc_tck_c                                                         
COMP_LADDER_FPGA_SC_ROBOCLOCK_PHASE.a\.8\.d\.e.scan_out               clk               comp_gestion_hybrides_v4.control_alim.gen\.15\.latch_n.ladder_fpga_sc_tck_c_i
COMP_LADDER_FPGA_SC_ROBOCLOCK_PHASE.a\.8\.d\.e.ff1                    clk               ladder_fpga_sc_tck_c                                                         
COMP_LADDER_FPGA_SC_ROBOCLOCK_PHASE.a\.21\.d\.e.scan_out              clk               comp_gestion_hybrides_v4.control_alim.gen\.15\.latch_n.ladder_fpga_sc_tck_c_i
COMP_LADDER_FPGA_SC_ROBOCLOCK_PHASE.a\.21\.d\.e.ff1                   clk               ladder_fpga_sc_tck_c                                                         
COMP_LADDER_FPGA_SC_ROBOCLOCK_PHASE.a\.11\.d\.e.scan_out              clk               comp_gestion_hybrides_v4.control_alim.gen\.15\.latch_n.ladder_fpga_sc_tck_c_i
COMP_LADDER_FPGA_SC_ROBOCLOCK_PHASE.a\.11\.d\.e.ff1                   clk               ladder_fpga_sc_tck_c                                                         
COMP_LADDER_FPGA_SC_ROBOCLOCK_PHASE.a\.5\.d\.e.scan_out               clk               comp_gestion_hybrides_v4.control_alim.gen\.15\.latch_n.ladder_fpga_sc_tck_c_i
COMP_LADDER_FPGA_SC_ROBOCLOCK_PHASE.a\.5\.d\.e.ff1                    clk               ladder_fpga_sc_tck_c                                                         
COMP_LADDER_FPGA_SC_ROBOCLOCK_PHASE.a\.17\.d\.e.scan_out              clk               comp_gestion_hybrides_v4.control_alim.gen\.15\.latch_n.ladder_fpga_sc_tck_c_i
COMP_LADDER_FPGA_SC_ROBOCLOCK_PHASE.a\.17\.d\.e.ff1                   clk               ladder_fpga_sc_tck_c                                                         
COMP_LADDER_FPGA_SC_ROBOCLOCK_PHASE.a\.6\.d\.e.scan_out               clk               comp_gestion_hybrides_v4.control_alim.gen\.15\.latch_n.ladder_fpga_sc_tck_c_i
COMP_LADDER_FPGA_SC_ROBOCLOCK_PHASE.a\.6\.d\.e.ff1                    clk               ladder_fpga_sc_tck_c                                                         
COMP_LADDER_FPGA_SC_ROBOCLOCK_PHASE.a\.19\.d\.e.scan_out              clk               comp_gestion_hybrides_v4.control_alim.gen\.15\.latch_n.ladder_fpga_sc_tck_c_i
COMP_LADDER_FPGA_SC_ROBOCLOCK_PHASE.a\.19\.d\.e.ff1                   clk               ladder_fpga_sc_tck_c                                                         
COMP_LADDER_FPGA_SC_ROBOCLOCK_PHASE.a\.7\.d\.e.scan_out               clk               comp_gestion_hybrides_v4.control_alim.gen\.15\.latch_n.ladder_fpga_sc_tck_c_i
COMP_LADDER_FPGA_SC_ROBOCLOCK_PHASE.a\.7\.d\.e.ff1                    clk               ladder_fpga_sc_tck_c                                                         
COMP_LADDER_FPGA_SC_ROBOCLOCK_PHASE.a\.20\.d\.e.scan_out              clk               comp_gestion_hybrides_v4.control_alim.gen\.15\.latch_n.ladder_fpga_sc_tck_c_i
COMP_LADDER_FPGA_SC_ROBOCLOCK_PHASE.a\.20\.d\.e.ff1                   clk               ladder_fpga_sc_tck_c                                                         
COMP_LADDER_FPGA_SC_ROBOCLOCK_PHASE.a\.16\.d\.e.scan_out              clk               comp_gestion_hybrides_v4.control_alim.gen\.15\.latch_n.ladder_fpga_sc_tck_c_i
COMP_LADDER_FPGA_SC_ROBOCLOCK_PHASE.a\.16\.d\.e.ff1                   clk               ladder_fpga_sc_tck_c                                                         
COMP_LADDER_FPGA_SC_ROBOCLOCK_PHASE.a\.4\.d\.e.scan_out               clk               comp_gestion_hybrides_v4.control_alim.gen\.15\.latch_n.ladder_fpga_sc_tck_c_i
COMP_LADDER_FPGA_SC_ROBOCLOCK_PHASE.a\.4\.d\.e.ff1                    clk               ladder_fpga_sc_tck_c                                                         
COMP_LADDER_FPGA_SC_ROBOCLOCK_PHASE.a\.3\.d\.e.scan_out               clk               comp_gestion_hybrides_v4.control_alim.gen\.15\.latch_n.ladder_fpga_sc_tck_c_i
COMP_LADDER_FPGA_SC_ROBOCLOCK_PHASE.a\.3\.d\.e.ff1                    clk               ladder_fpga_sc_tck_c                                                         
COMP_LADDER_FPGA_SC_ROBOCLOCK_PHASE.a\.0\.d\.e.scan_out               clk               comp_gestion_hybrides_v4.control_alim.gen\.15\.latch_n.ladder_fpga_sc_tck_c_i
COMP_LADDER_FPGA_SC_ROBOCLOCK_PHASE.a\.0\.d\.e.ff1                    clk               ladder_fpga_sc_tck_c                                                         
COMP_LADDER_FPGA_SC_ROBOCLOCK_PHASE.a\.9\.d\.e.scan_out               clk               comp_gestion_hybrides_v4.control_alim.gen\.15\.latch_n.ladder_fpga_sc_tck_c_i
COMP_LADDER_FPGA_SC_ROBOCLOCK_PHASE.a\.9\.d\.e.ff1                    clk               ladder_fpga_sc_tck_c                                                         
COMP_LADDER_FPGA_SC_ROBOCLOCK_PHASE.a\.12\.d\.e.scan_out              clk               comp_gestion_hybrides_v4.control_alim.gen\.15\.latch_n.ladder_fpga_sc_tck_c_i
COMP_LADDER_FPGA_SC_ROBOCLOCK_PHASE.a\.12\.d\.e.ff1                   clk               ladder_fpga_sc_tck_c                                                         
COMP_LADDER_FPGA_SC_ROBOCLOCK_PHASE.a\.22\.d\.e.scan_out              clk               comp_gestion_hybrides_v4.control_alim.gen\.15\.latch_n.ladder_fpga_sc_tck_c_i
COMP_LADDER_FPGA_SC_ROBOCLOCK_PHASE.a\.22\.d\.e.ff1                   clk               ladder_fpga_sc_tck_c                                                         
COMP_LADDER_FPGA_SC_ROBOCLOCK_PHASE.a\.2\.d\.e.scan_out               clk               comp_gestion_hybrides_v4.control_alim.gen\.15\.latch_n.ladder_fpga_sc_tck_c_i
COMP_LADDER_FPGA_SC_ROBOCLOCK_PHASE.a\.2\.d\.e.ff1                    clk               ladder_fpga_sc_tck_c                                                         
COMP_LADDER_FPGA_SC_ROBOCLOCK_PHASE.a\.15\.d\.e.scan_out              clk               comp_gestion_hybrides_v4.control_alim.gen\.15\.latch_n.ladder_fpga_sc_tck_c_i
COMP_LADDER_FPGA_SC_ROBOCLOCK_PHASE.a\.15\.d\.e.ff1                   clk               ladder_fpga_sc_tck_c                                                         
COMP_LADDER_FPGA_SC_ROBOCLOCK_PHASE.a\.18\.d\.e.scan_out              clk               comp_gestion_hybrides_v4.control_alim.gen\.15\.latch_n.ladder_fpga_sc_tck_c_i
COMP_LADDER_FPGA_SC_ROBOCLOCK_PHASE.a\.18\.d\.e.ff1                   clk               ladder_fpga_sc_tck_c                                                         
COMP_LADDER_FPGA_SC_ROBOCLOCK_PHASE.a\.14\.d\.e.scan_out              clk               comp_gestion_hybrides_v4.control_alim.gen\.15\.latch_n.ladder_fpga_sc_tck_c_i
COMP_LADDER_FPGA_SC_ROBOCLOCK_PHASE.a\.14\.d\.e.ff1                   clk               ladder_fpga_sc_tck_c                                                         
COMP_LADDER_FPGA_SC_ROBOCLOCK_PHASE.a\.10\.d\.e.scan_out              clk               comp_gestion_hybrides_v4.control_alim.gen\.15\.latch_n.ladder_fpga_sc_tck_c_i
COMP_LADDER_FPGA_SC_ROBOCLOCK_PHASE.a\.10\.d\.e.ff1                   clk               ladder_fpga_sc_tck_c                                                         
COMP_LADDER_FPGA_SC_ROBOCLOCK_PHASE.a\.1\.d\.e.scan_out               clk               comp_gestion_hybrides_v4.control_alim.gen\.15\.latch_n.ladder_fpga_sc_tck_c_i
COMP_LADDER_FPGA_SC_ROBOCLOCK_PHASE.a\.1\.d\.e.ff1                    clk               ladder_fpga_sc_tck_c                                                         
COMP_LADDER_FPGA_SC_ROBOCLOCK_PHASE.a\.13\.d\.e.scan_out              clk               comp_gestion_hybrides_v4.control_alim.gen\.15\.latch_n.ladder_fpga_sc_tck_c_i
COMP_LADDER_FPGA_SC_ROBOCLOCK_PHASE.a\.13\.d\.e.ff1                   clk               ladder_fpga_sc_tck_c                                                         
COMP_LADDER_FPGA_SC_CONFIG.a\.15\.b\.c.scan_out                       clk               comp_gestion_hybrides_v4.control_alim.gen\.15\.latch_n.ladder_fpga_sc_tck_c_i
COMP_LADDER_FPGA_SC_CONFIG.a\.15\.b\.c.ff1                            clk               ladder_fpga_sc_tck_c                                                         
COMP_LADDER_FPGA_SC_CONFIG.a\.7\.d\.e.scan_out                        clk               comp_gestion_hybrides_v4.control_alim.gen\.15\.latch_n.ladder_fpga_sc_tck_c_i
COMP_LADDER_FPGA_SC_CONFIG.a\.7\.d\.e.ff1                             clk               ladder_fpga_sc_tck_c                                                         
COMP_LADDER_FPGA_SC_CONFIG.a\.12\.d\.e.scan_out                       clk               comp_gestion_hybrides_v4.control_alim.gen\.15\.latch_n.ladder_fpga_sc_tck_c_i
COMP_LADDER_FPGA_SC_CONFIG.a\.12\.d\.e.ff1                            clk               ladder_fpga_sc_tck_c                                                         
COMP_LADDER_FPGA_SC_CONFIG.a\.0\.d\.e.scan_out                        clk               comp_gestion_hybrides_v4.control_alim.gen\.15\.latch_n.ladder_fpga_sc_tck_c_i
COMP_LADDER_FPGA_SC_CONFIG.a\.0\.d\.e.ff1                             clk               ladder_fpga_sc_tck_c                                                         
COMP_LADDER_FPGA_SC_CONFIG.a\.5\.d\.e.scan_out                        clk               comp_gestion_hybrides_v4.control_alim.gen\.15\.latch_n.ladder_fpga_sc_tck_c_i
COMP_LADDER_FPGA_SC_CONFIG.a\.5\.d\.e.ff1                             clk               ladder_fpga_sc_tck_c                                                         
COMP_LADDER_FPGA_SC_CONFIG.a\.1\.d\.e.scan_out                        clk               comp_gestion_hybrides_v4.control_alim.gen\.15\.latch_n.ladder_fpga_sc_tck_c_i
COMP_LADDER_FPGA_SC_CONFIG.a\.1\.d\.e.ff1                             clk               ladder_fpga_sc_tck_c                                                         
COMP_LADDER_FPGA_SC_CONFIG.a\.10\.d\.e.scan_out                       clk               comp_gestion_hybrides_v4.control_alim.gen\.15\.latch_n.ladder_fpga_sc_tck_c_i
COMP_LADDER_FPGA_SC_CONFIG.a\.10\.d\.e.ff1                            clk               ladder_fpga_sc_tck_c                                                         
COMP_LADDER_FPGA_SC_CONFIG.a\.11\.d\.e.scan_out                       clk               comp_gestion_hybrides_v4.control_alim.gen\.15\.latch_n.ladder_fpga_sc_tck_c_i
COMP_LADDER_FPGA_SC_CONFIG.a\.11\.d\.e.ff1                            clk               ladder_fpga_sc_tck_c                                                         
COMP_LADDER_FPGA_SC_CONFIG.a\.13\.d\.e.scan_out                       clk               comp_gestion_hybrides_v4.control_alim.gen\.15\.latch_n.ladder_fpga_sc_tck_c_i
COMP_LADDER_FPGA_SC_CONFIG.a\.13\.d\.e.ff1                            clk               ladder_fpga_sc_tck_c                                                         
COMP_LADDER_FPGA_SC_CONFIG.a\.9\.d\.e.scan_out                        clk               comp_gestion_hybrides_v4.control_alim.gen\.15\.latch_n.ladder_fpga_sc_tck_c_i
COMP_LADDER_FPGA_SC_CONFIG.a\.9\.d\.e.ff1                             clk               ladder_fpga_sc_tck_c                                                         
COMP_LADDER_FPGA_SC_CONFIG.a\.4\.d\.e.scan_out                        clk               comp_gestion_hybrides_v4.control_alim.gen\.15\.latch_n.ladder_fpga_sc_tck_c_i
COMP_LADDER_FPGA_SC_CONFIG.a\.4\.d\.e.ff1                             clk               ladder_fpga_sc_tck_c                                                         
COMP_LADDER_FPGA_SC_CONFIG.a\.2\.d\.e.scan_out                        clk               comp_gestion_hybrides_v4.control_alim.gen\.15\.latch_n.ladder_fpga_sc_tck_c_i
COMP_LADDER_FPGA_SC_CONFIG.a\.2\.d\.e.ff1                             clk               ladder_fpga_sc_tck_c                                                         
COMP_LADDER_FPGA_SC_CONFIG.a\.3\.d\.e.scan_out                        clk               comp_gestion_hybrides_v4.control_alim.gen\.15\.latch_n.ladder_fpga_sc_tck_c_i
COMP_LADDER_FPGA_SC_CONFIG.a\.3\.d\.e.ff1                             clk               ladder_fpga_sc_tck_c                                                         
COMP_LADDER_FPGA_SC_CONFIG.a\.14\.d\.e.scan_out                       clk               comp_gestion_hybrides_v4.control_alim.gen\.15\.latch_n.ladder_fpga_sc_tck_c_i
COMP_LADDER_FPGA_SC_CONFIG.a\.14\.d\.e.ff1                            clk               ladder_fpga_sc_tck_c                                                         
COMP_LADDER_FPGA_SC_CONFIG.a\.8\.d\.e.scan_out                        clk               comp_gestion_hybrides_v4.control_alim.gen\.15\.latch_n.ladder_fpga_sc_tck_c_i
COMP_LADDER_FPGA_SC_CONFIG.a\.8\.d\.e.ff1                             clk               ladder_fpga_sc_tck_c                                                         
COMP_LADDER_FPGA_SC_CONFIG.a\.6\.d\.e.scan_out                        clk               comp_gestion_hybrides_v4.control_alim.gen\.15\.latch_n.ladder_fpga_sc_tck_c_i
COMP_LADDER_FPGA_SC_CONFIG.a\.6\.d\.e.ff1                             clk               ladder_fpga_sc_tck_c                                                         
COMP_LADDER_FPGA_SC_LEVEL_SHIFTER_DAC.a\.19\.b\.c.scan_out            clk               comp_gestion_hybrides_v4.control_alim.gen\.15\.latch_n.ladder_fpga_sc_tck_c_i
COMP_LADDER_FPGA_SC_LEVEL_SHIFTER_DAC.a\.19\.b\.c.ff1                 clk               ladder_fpga_sc_tck_c                                                         
COMP_LADDER_FPGA_SC_LEVEL_SHIFTER_DAC.a\.12\.d\.e.scan_out            clk               comp_gestion_hybrides_v4.control_alim.gen\.15\.latch_n.ladder_fpga_sc_tck_c_i
COMP_LADDER_FPGA_SC_LEVEL_SHIFTER_DAC.a\.12\.d\.e.ff1                 clk               ladder_fpga_sc_tck_c                                                         
COMP_LADDER_FPGA_SC_LEVEL_SHIFTER_DAC.a\.17\.d\.e.scan_out            clk               comp_gestion_hybrides_v4.control_alim.gen\.15\.latch_n.ladder_fpga_sc_tck_c_i
COMP_LADDER_FPGA_SC_LEVEL_SHIFTER_DAC.a\.17\.d\.e.ff1                 clk               ladder_fpga_sc_tck_c                                                         
COMP_LADDER_FPGA_SC_LEVEL_SHIFTER_DAC.a\.7\.d\.e.scan_out             clk               comp_gestion_hybrides_v4.control_alim.gen\.15\.latch_n.ladder_fpga_sc_tck_c_i
COMP_LADDER_FPGA_SC_LEVEL_SHIFTER_DAC.a\.7\.d\.e.ff1                  clk               ladder_fpga_sc_tck_c                                                         
COMP_LADDER_FPGA_SC_LEVEL_SHIFTER_DAC.a\.5\.d\.e.scan_out             clk               comp_gestion_hybrides_v4.control_alim.gen\.15\.latch_n.ladder_fpga_sc_tck_c_i
COMP_LADDER_FPGA_SC_LEVEL_SHIFTER_DAC.a\.5\.d\.e.ff1                  clk               ladder_fpga_sc_tck_c                                                         
COMP_LADDER_FPGA_SC_LEVEL_SHIFTER_DAC.a\.1\.d\.e.scan_out             clk               comp_gestion_hybrides_v4.control_alim.gen\.15\.latch_n.ladder_fpga_sc_tck_c_i
COMP_LADDER_FPGA_SC_LEVEL_SHIFTER_DAC.a\.1\.d\.e.ff1                  clk               ladder_fpga_sc_tck_c                                                         
COMP_LADDER_FPGA_SC_LEVEL_SHIFTER_DAC.a\.15\.d\.e.scan_out            clk               comp_gestion_hybrides_v4.control_alim.gen\.15\.latch_n.ladder_fpga_sc_tck_c_i
COMP_LADDER_FPGA_SC_LEVEL_SHIFTER_DAC.a\.15\.d\.e.ff1                 clk               ladder_fpga_sc_tck_c                                                         
COMP_LADDER_FPGA_SC_LEVEL_SHIFTER_DAC.a\.10\.d\.e.scan_out            clk               comp_gestion_hybrides_v4.control_alim.gen\.15\.latch_n.ladder_fpga_sc_tck_c_i
COMP_LADDER_FPGA_SC_LEVEL_SHIFTER_DAC.a\.10\.d\.e.ff1                 clk               ladder_fpga_sc_tck_c                                                         
COMP_LADDER_FPGA_SC_LEVEL_SHIFTER_DAC.a\.14\.d\.e.scan_out            clk               comp_gestion_hybrides_v4.control_alim.gen\.15\.latch_n.ladder_fpga_sc_tck_c_i
COMP_LADDER_FPGA_SC_LEVEL_SHIFTER_DAC.a\.14\.d\.e.ff1                 clk               ladder_fpga_sc_tck_c                                                         
COMP_LADDER_FPGA_SC_LEVEL_SHIFTER_DAC.a\.8\.d\.e.scan_out             clk               comp_gestion_hybrides_v4.control_alim.gen\.15\.latch_n.ladder_fpga_sc_tck_c_i
COMP_LADDER_FPGA_SC_LEVEL_SHIFTER_DAC.a\.8\.d\.e.ff1                  clk               ladder_fpga_sc_tck_c                                                         
COMP_LADDER_FPGA_SC_LEVEL_SHIFTER_DAC.a\.4\.d\.e.scan_out             clk               comp_gestion_hybrides_v4.control_alim.gen\.15\.latch_n.ladder_fpga_sc_tck_c_i
COMP_LADDER_FPGA_SC_LEVEL_SHIFTER_DAC.a\.4\.d\.e.ff1                  clk               ladder_fpga_sc_tck_c                                                         
COMP_LADDER_FPGA_SC_LEVEL_SHIFTER_DAC.a\.13\.d\.e.scan_out            clk               comp_gestion_hybrides_v4.control_alim.gen\.15\.latch_n.ladder_fpga_sc_tck_c_i
COMP_LADDER_FPGA_SC_LEVEL_SHIFTER_DAC.a\.13\.d\.e.ff1                 clk               ladder_fpga_sc_tck_c                                                         
COMP_LADDER_FPGA_SC_LEVEL_SHIFTER_DAC.a\.6\.d\.e.scan_out             clk               comp_gestion_hybrides_v4.control_alim.gen\.15\.latch_n.ladder_fpga_sc_tck_c_i
COMP_LADDER_FPGA_SC_LEVEL_SHIFTER_DAC.a\.6\.d\.e.ff1                  clk               ladder_fpga_sc_tck_c                                                         
COMP_LADDER_FPGA_SC_LEVEL_SHIFTER_DAC.a\.18\.d\.e.scan_out            clk               comp_gestion_hybrides_v4.control_alim.gen\.15\.latch_n.ladder_fpga_sc_tck_c_i
COMP_LADDER_FPGA_SC_LEVEL_SHIFTER_DAC.a\.18\.d\.e.ff1                 clk               ladder_fpga_sc_tck_c                                                         
COMP_LADDER_FPGA_SC_LEVEL_SHIFTER_DAC.a\.9\.d\.e.scan_out             clk               comp_gestion_hybrides_v4.control_alim.gen\.15\.latch_n.ladder_fpga_sc_tck_c_i
COMP_LADDER_FPGA_SC_LEVEL_SHIFTER_DAC.a\.9\.d\.e.ff1                  clk               ladder_fpga_sc_tck_c                                                         
COMP_LADDER_FPGA_SC_LEVEL_SHIFTER_DAC.a\.3\.d\.e.scan_out             clk               comp_gestion_hybrides_v4.control_alim.gen\.15\.latch_n.ladder_fpga_sc_tck_c_i
COMP_LADDER_FPGA_SC_LEVEL_SHIFTER_DAC.a\.3\.d\.e.ff1                  clk               ladder_fpga_sc_tck_c                                                         
COMP_LADDER_FPGA_SC_LEVEL_SHIFTER_DAC.a\.0\.d\.e.scan_out             clk               comp_gestion_hybrides_v4.control_alim.gen\.15\.latch_n.ladder_fpga_sc_tck_c_i
COMP_LADDER_FPGA_SC_LEVEL_SHIFTER_DAC.a\.0\.d\.e.ff1                  clk               ladder_fpga_sc_tck_c                                                         
COMP_LADDER_FPGA_SC_LEVEL_SHIFTER_DAC.a\.2\.d\.e.scan_out             clk               comp_gestion_hybrides_v4.control_alim.gen\.15\.latch_n.ladder_fpga_sc_tck_c_i
COMP_LADDER_FPGA_SC_LEVEL_SHIFTER_DAC.a\.2\.d\.e.ff1                  clk               ladder_fpga_sc_tck_c                                                         
COMP_LADDER_FPGA_SC_LEVEL_SHIFTER_DAC.a\.11\.d\.e.scan_out            clk               comp_gestion_hybrides_v4.control_alim.gen\.15\.latch_n.ladder_fpga_sc_tck_c_i
COMP_LADDER_FPGA_SC_LEVEL_SHIFTER_DAC.a\.11\.d\.e.ff1                 clk               ladder_fpga_sc_tck_c                                                         
COMP_LADDER_FPGA_SC_LEVEL_SHIFTER_DAC.a\.16\.d\.e.scan_out            clk               comp_gestion_hybrides_v4.control_alim.gen\.15\.latch_n.ladder_fpga_sc_tck_c_i
COMP_LADDER_FPGA_SC_LEVEL_SHIFTER_DAC.a\.16\.d\.e.ff1                 clk               ladder_fpga_sc_tck_c                                                         
allumage_hybride.a\.15\.b\.c.scan_out                                 clk               comp_gestion_hybrides_v4.control_alim.gen\.15\.latch_n.ladder_fpga_sc_tck_c_i
allumage_hybride.a\.15\.b\.c.ff1                                      clk               ladder_fpga_sc_tck_c                                                         
allumage_hybride.a\.14\.d\.e.scan_out                                 clk               comp_gestion_hybrides_v4.control_alim.gen\.15\.latch_n.ladder_fpga_sc_tck_c_i
allumage_hybride.a\.14\.d\.e.ff1                                      clk               ladder_fpga_sc_tck_c                                                         
allumage_hybride.a\.2\.d\.e.scan_out                                  clk               comp_gestion_hybrides_v4.control_alim.gen\.15\.latch_n.ladder_fpga_sc_tck_c_i
allumage_hybride.a\.2\.d\.e.ff1                                       clk               ladder_fpga_sc_tck_c                                                         
allumage_hybride.a\.7\.d\.e.scan_out                                  clk               comp_gestion_hybrides_v4.control_alim.gen\.15\.latch_n.ladder_fpga_sc_tck_c_i
allumage_hybride.a\.7\.d\.e.ff1                                       clk               ladder_fpga_sc_tck_c                                                         
allumage_hybride.a\.4\.d\.e.scan_out                                  clk               comp_gestion_hybrides_v4.control_alim.gen\.15\.latch_n.ladder_fpga_sc_tck_c_i
allumage_hybride.a\.4\.d\.e.ff1                                       clk               ladder_fpga_sc_tck_c                                                         
allumage_hybride.a\.1\.d\.e.scan_out                                  clk               comp_gestion_hybrides_v4.control_alim.gen\.15\.latch_n.ladder_fpga_sc_tck_c_i
allumage_hybride.a\.1\.d\.e.ff1                                       clk               ladder_fpga_sc_tck_c                                                         
allumage_hybride.a\.11\.d\.e.scan_out                                 clk               comp_gestion_hybrides_v4.control_alim.gen\.15\.latch_n.ladder_fpga_sc_tck_c_i
allumage_hybride.a\.11\.d\.e.ff1                                      clk               ladder_fpga_sc_tck_c                                                         
allumage_hybride.a\.8\.d\.e.scan_out                                  clk               comp_gestion_hybrides_v4.control_alim.gen\.15\.latch_n.ladder_fpga_sc_tck_c_i
allumage_hybride.a\.8\.d\.e.ff1                                       clk               ladder_fpga_sc_tck_c                                                         
allumage_hybride.a\.5\.d\.e.scan_out                                  clk               comp_gestion_hybrides_v4.control_alim.gen\.15\.latch_n.ladder_fpga_sc_tck_c_i
allumage_hybride.a\.5\.d\.e.ff1                                       clk               ladder_fpga_sc_tck_c                                                         
allumage_hybride.a\.0\.d\.e.scan_out                                  clk               comp_gestion_hybrides_v4.control_alim.gen\.15\.latch_n.ladder_fpga_sc_tck_c_i
allumage_hybride.a\.0\.d\.e.ff1                                       clk               ladder_fpga_sc_tck_c                                                         
allumage_hybride.a\.10\.d\.e.scan_out                                 clk               comp_gestion_hybrides_v4.control_alim.gen\.15\.latch_n.ladder_fpga_sc_tck_c_i
allumage_hybride.a\.10\.d\.e.ff1                                      clk               ladder_fpga_sc_tck_c                                                         
allumage_hybride.a\.12\.d\.e.scan_out                                 clk               comp_gestion_hybrides_v4.control_alim.gen\.15\.latch_n.ladder_fpga_sc_tck_c_i
allumage_hybride.a\.12\.d\.e.ff1                                      clk               ladder_fpga_sc_tck_c                                                         
allumage_hybride.a\.9\.d\.e.scan_out                                  clk               comp_gestion_hybrides_v4.control_alim.gen\.15\.latch_n.ladder_fpga_sc_tck_c_i
allumage_hybride.a\.9\.d\.e.ff1                                       clk               ladder_fpga_sc_tck_c                                                         
allumage_hybride.a\.6\.d\.e.scan_out                                  clk               comp_gestion_hybrides_v4.control_alim.gen\.15\.latch_n.ladder_fpga_sc_tck_c_i
allumage_hybride.a\.6\.d\.e.ff1                                       clk               ladder_fpga_sc_tck_c                                                         
allumage_hybride.a\.3\.d\.e.scan_out                                  clk               comp_gestion_hybrides_v4.control_alim.gen\.15\.latch_n.ladder_fpga_sc_tck_c_i
allumage_hybride.a\.3\.d\.e.ff1                                       clk               ladder_fpga_sc_tck_c                                                         
allumage_hybride.a\.13\.d\.e.scan_out                                 clk               comp_gestion_hybrides_v4.control_alim.gen\.15\.latch_n.ladder_fpga_sc_tck_c_i
allumage_hybride.a\.13\.d\.e.ff1                                      clk               ladder_fpga_sc_tck_c                                                         
COMP_ladder_fpga_SC_BYPASS_HYBRIDE.a\.15\.b\.c.scan_out               clk               comp_gestion_hybrides_v4.control_alim.gen\.15\.latch_n.ladder_fpga_sc_tck_c_i
COMP_ladder_fpga_SC_BYPASS_HYBRIDE.a\.15\.b\.c.ff1                    clk               ladder_fpga_sc_tck_c                                                         
COMP_ladder_fpga_SC_BYPASS_HYBRIDE.a\.7\.d\.e.scan_out                clk               comp_gestion_hybrides_v4.control_alim.gen\.15\.latch_n.ladder_fpga_sc_tck_c_i
COMP_ladder_fpga_SC_BYPASS_HYBRIDE.a\.7\.d\.e.ff1                     clk               ladder_fpga_sc_tck_c                                                         
COMP_ladder_fpga_SC_BYPASS_HYBRIDE.a\.12\.d\.e.scan_out               clk               comp_gestion_hybrides_v4.control_alim.gen\.15\.latch_n.ladder_fpga_sc_tck_c_i
COMP_ladder_fpga_SC_BYPASS_HYBRIDE.a\.12\.d\.e.ff1                    clk               ladder_fpga_sc_tck_c                                                         
COMP_ladder_fpga_SC_BYPASS_HYBRIDE.a\.0\.d\.e.scan_out                clk               comp_gestion_hybrides_v4.control_alim.gen\.15\.latch_n.ladder_fpga_sc_tck_c_i
COMP_ladder_fpga_SC_BYPASS_HYBRIDE.a\.0\.d\.e.ff1                     clk               ladder_fpga_sc_tck_c                                                         
COMP_ladder_fpga_SC_BYPASS_HYBRIDE.a\.5\.d\.e.scan_out                clk               comp_gestion_hybrides_v4.control_alim.gen\.15\.latch_n.ladder_fpga_sc_tck_c_i
COMP_ladder_fpga_SC_BYPASS_HYBRIDE.a\.5\.d\.e.ff1                     clk               ladder_fpga_sc_tck_c                                                         
COMP_ladder_fpga_SC_BYPASS_HYBRIDE.a\.1\.d\.e.scan_out                clk               comp_gestion_hybrides_v4.control_alim.gen\.15\.latch_n.ladder_fpga_sc_tck_c_i
COMP_ladder_fpga_SC_BYPASS_HYBRIDE.a\.1\.d\.e.ff1                     clk               ladder_fpga_sc_tck_c                                                         
COMP_ladder_fpga_SC_BYPASS_HYBRIDE.a\.10\.d\.e.scan_out               clk               comp_gestion_hybrides_v4.control_alim.gen\.15\.latch_n.ladder_fpga_sc_tck_c_i
COMP_ladder_fpga_SC_BYPASS_HYBRIDE.a\.10\.d\.e.ff1                    clk               ladder_fpga_sc_tck_c                                                         
COMP_ladder_fpga_SC_BYPASS_HYBRIDE.a\.11\.d\.e.scan_out               clk               comp_gestion_hybrides_v4.control_alim.gen\.15\.latch_n.ladder_fpga_sc_tck_c_i
COMP_ladder_fpga_SC_BYPASS_HYBRIDE.a\.11\.d\.e.ff1                    clk               ladder_fpga_sc_tck_c                                                         
COMP_ladder_fpga_SC_BYPASS_HYBRIDE.a\.13\.d\.e.scan_out               clk               comp_gestion_hybrides_v4.control_alim.gen\.15\.latch_n.ladder_fpga_sc_tck_c_i
COMP_ladder_fpga_SC_BYPASS_HYBRIDE.a\.13\.d\.e.ff1                    clk               ladder_fpga_sc_tck_c                                                         
COMP_ladder_fpga_SC_BYPASS_HYBRIDE.a\.9\.d\.e.scan_out                clk               comp_gestion_hybrides_v4.control_alim.gen\.15\.latch_n.ladder_fpga_sc_tck_c_i
COMP_ladder_fpga_SC_BYPASS_HYBRIDE.a\.9\.d\.e.ff1                     clk               ladder_fpga_sc_tck_c                                                         
COMP_ladder_fpga_SC_BYPASS_HYBRIDE.a\.4\.d\.e.scan_out                clk               comp_gestion_hybrides_v4.control_alim.gen\.15\.latch_n.ladder_fpga_sc_tck_c_i
COMP_ladder_fpga_SC_BYPASS_HYBRIDE.a\.4\.d\.e.ff1                     clk               ladder_fpga_sc_tck_c                                                         
COMP_ladder_fpga_SC_BYPASS_HYBRIDE.a\.2\.d\.e.scan_out                clk               comp_gestion_hybrides_v4.control_alim.gen\.15\.latch_n.ladder_fpga_sc_tck_c_i
COMP_ladder_fpga_SC_BYPASS_HYBRIDE.a\.2\.d\.e.ff1                     clk               ladder_fpga_sc_tck_c                                                         
COMP_ladder_fpga_SC_BYPASS_HYBRIDE.a\.3\.d\.e.scan_out                clk               comp_gestion_hybrides_v4.control_alim.gen\.15\.latch_n.ladder_fpga_sc_tck_c_i
COMP_ladder_fpga_SC_BYPASS_HYBRIDE.a\.3\.d\.e.ff1                     clk               ladder_fpga_sc_tck_c                                                         
COMP_ladder_fpga_SC_BYPASS_HYBRIDE.a\.14\.d\.e.scan_out               clk               comp_gestion_hybrides_v4.control_alim.gen\.15\.latch_n.ladder_fpga_sc_tck_c_i
COMP_ladder_fpga_SC_BYPASS_HYBRIDE.a\.14\.d\.e.ff1                    clk               ladder_fpga_sc_tck_c                                                         
COMP_ladder_fpga_SC_BYPASS_HYBRIDE.a\.8\.d\.e.scan_out                clk               comp_gestion_hybrides_v4.control_alim.gen\.15\.latch_n.ladder_fpga_sc_tck_c_i
COMP_ladder_fpga_SC_BYPASS_HYBRIDE.a\.8\.d\.e.ff1                     clk               ladder_fpga_sc_tck_c                                                         
COMP_ladder_fpga_SC_BYPASS_HYBRIDE.a\.6\.d\.e.scan_out                clk               comp_gestion_hybrides_v4.control_alim.gen\.15\.latch_n.ladder_fpga_sc_tck_c_i
COMP_ladder_fpga_SC_BYPASS_HYBRIDE.a\.6\.d\.e.ff1                     clk               ladder_fpga_sc_tck_c                                                         
COMP_ladder_fpga_SC_ETAT_ALIMS.a\.15\.b\.c.scan_out                   clk               comp_gestion_hybrides_v4.control_alim.gen\.15\.latch_n.ladder_fpga_sc_tck_c_i
COMP_ladder_fpga_SC_ETAT_ALIMS.a\.15\.b\.c.ff1                        clk               ladder_fpga_sc_tck_c                                                         
COMP_ladder_fpga_SC_ETAT_ALIMS.a\.7\.d\.e.scan_out                    clk               comp_gestion_hybrides_v4.control_alim.gen\.15\.latch_n.ladder_fpga_sc_tck_c_i
COMP_ladder_fpga_SC_ETAT_ALIMS.a\.7\.d\.e.ff1                         clk               ladder_fpga_sc_tck_c                                                         
COMP_ladder_fpga_SC_ETAT_ALIMS.a\.12\.d\.e.scan_out                   clk               comp_gestion_hybrides_v4.control_alim.gen\.15\.latch_n.ladder_fpga_sc_tck_c_i
COMP_ladder_fpga_SC_ETAT_ALIMS.a\.12\.d\.e.ff1                        clk               ladder_fpga_sc_tck_c                                                         
COMP_ladder_fpga_SC_ETAT_ALIMS.a\.0\.d\.e.scan_out                    clk               comp_gestion_hybrides_v4.control_alim.gen\.15\.latch_n.ladder_fpga_sc_tck_c_i
COMP_ladder_fpga_SC_ETAT_ALIMS.a\.0\.d\.e.ff1                         clk               ladder_fpga_sc_tck_c                                                         
COMP_ladder_fpga_SC_ETAT_ALIMS.a\.5\.d\.e.scan_out                    clk               comp_gestion_hybrides_v4.control_alim.gen\.15\.latch_n.ladder_fpga_sc_tck_c_i
COMP_ladder_fpga_SC_ETAT_ALIMS.a\.5\.d\.e.ff1                         clk               ladder_fpga_sc_tck_c                                                         
COMP_ladder_fpga_SC_ETAT_ALIMS.a\.1\.d\.e.scan_out                    clk               comp_gestion_hybrides_v4.control_alim.gen\.15\.latch_n.ladder_fpga_sc_tck_c_i
COMP_ladder_fpga_SC_ETAT_ALIMS.a\.1\.d\.e.ff1                         clk               ladder_fpga_sc_tck_c                                                         
COMP_ladder_fpga_SC_ETAT_ALIMS.a\.10\.d\.e.scan_out                   clk               comp_gestion_hybrides_v4.control_alim.gen\.15\.latch_n.ladder_fpga_sc_tck_c_i
COMP_ladder_fpga_SC_ETAT_ALIMS.a\.10\.d\.e.ff1                        clk               ladder_fpga_sc_tck_c                                                         
COMP_ladder_fpga_SC_ETAT_ALIMS.a\.11\.d\.e.scan_out                   clk               comp_gestion_hybrides_v4.control_alim.gen\.15\.latch_n.ladder_fpga_sc_tck_c_i
COMP_ladder_fpga_SC_ETAT_ALIMS.a\.11\.d\.e.ff1                        clk               ladder_fpga_sc_tck_c                                                         
COMP_ladder_fpga_SC_ETAT_ALIMS.a\.13\.d\.e.scan_out                   clk               comp_gestion_hybrides_v4.control_alim.gen\.15\.latch_n.ladder_fpga_sc_tck_c_i
COMP_ladder_fpga_SC_ETAT_ALIMS.a\.13\.d\.e.ff1                        clk               ladder_fpga_sc_tck_c                                                         
COMP_ladder_fpga_SC_ETAT_ALIMS.a\.9\.d\.e.scan_out                    clk               comp_gestion_hybrides_v4.control_alim.gen\.15\.latch_n.ladder_fpga_sc_tck_c_i
COMP_ladder_fpga_SC_ETAT_ALIMS.a\.9\.d\.e.ff1                         clk               ladder_fpga_sc_tck_c                                                         
COMP_ladder_fpga_SC_ETAT_ALIMS.a\.4\.d\.e.scan_out                    clk               comp_gestion_hybrides_v4.control_alim.gen\.15\.latch_n.ladder_fpga_sc_tck_c_i
COMP_ladder_fpga_SC_ETAT_ALIMS.a\.4\.d\.e.ff1                         clk               ladder_fpga_sc_tck_c                                                         
COMP_ladder_fpga_SC_ETAT_ALIMS.a\.2\.d\.e.scan_out                    clk               comp_gestion_hybrides_v4.control_alim.gen\.15\.latch_n.ladder_fpga_sc_tck_c_i
COMP_ladder_fpga_SC_ETAT_ALIMS.a\.2\.d\.e.ff1                         clk               ladder_fpga_sc_tck_c                                                         
COMP_ladder_fpga_SC_ETAT_ALIMS.a\.3\.d\.e.scan_out                    clk               comp_gestion_hybrides_v4.control_alim.gen\.15\.latch_n.ladder_fpga_sc_tck_c_i
COMP_ladder_fpga_SC_ETAT_ALIMS.a\.3\.d\.e.ff1                         clk               ladder_fpga_sc_tck_c                                                         
COMP_ladder_fpga_SC_ETAT_ALIMS.a\.14\.d\.e.scan_out                   clk               comp_gestion_hybrides_v4.control_alim.gen\.15\.latch_n.ladder_fpga_sc_tck_c_i
COMP_ladder_fpga_SC_ETAT_ALIMS.a\.14\.d\.e.ff1                        clk               ladder_fpga_sc_tck_c                                                         
COMP_ladder_fpga_SC_ETAT_ALIMS.a\.8\.d\.e.scan_out                    clk               comp_gestion_hybrides_v4.control_alim.gen\.15\.latch_n.ladder_fpga_sc_tck_c_i
COMP_ladder_fpga_SC_ETAT_ALIMS.a\.8\.d\.e.ff1                         clk               ladder_fpga_sc_tck_c                                                         
COMP_ladder_fpga_SC_ETAT_ALIMS.a\.6\.d\.e.scan_out                    clk               comp_gestion_hybrides_v4.control_alim.gen\.15\.latch_n.ladder_fpga_sc_tck_c_i
COMP_ladder_fpga_SC_ETAT_ALIMS.a\.6\.d\.e.ff1                         clk               ladder_fpga_sc_tck_c                                                         
COMP_ladder_fpga_SC_REF_LATCHUP.a\.1\.b\.c.scan_out                   clk               comp_gestion_hybrides_v4.control_alim.gen\.15\.latch_n.ladder_fpga_sc_tck_c_i
COMP_ladder_fpga_SC_REF_LATCHUP.a\.1\.b\.c.ff1                        clk               ladder_fpga_sc_tck_c                                                         
COMP_ladder_fpga_SC_REF_LATCHUP.a\.0\.d\.e.scan_out                   clk               comp_gestion_hybrides_v4.control_alim.gen\.15\.latch_n.ladder_fpga_sc_tck_c_i
COMP_ladder_fpga_SC_REF_LATCHUP.a\.0\.d\.e.ff1                        clk               ladder_fpga_sc_tck_c                                                         
COMP_ladder_fpga_SC_TEMPERATURE.a\.47\.b\.c.scan_out                  clk               comp_gestion_hybrides_v4.control_alim.gen\.15\.latch_n.ladder_fpga_sc_tck_c_i
COMP_ladder_fpga_SC_TEMPERATURE.a\.47\.b\.c.ff1                       clk               ladder_fpga_sc_tck_c                                                         
COMP_ladder_fpga_SC_TEMPERATURE.a\.26\.d\.e.scan_out                  clk               comp_gestion_hybrides_v4.control_alim.gen\.15\.latch_n.ladder_fpga_sc_tck_c_i
COMP_ladder_fpga_SC_TEMPERATURE.a\.26\.d\.e.ff1                       clk               ladder_fpga_sc_tck_c                                                         
COMP_ladder_fpga_SC_TEMPERATURE.a\.13\.d\.e.scan_out                  clk               comp_gestion_hybrides_v4.control_alim.gen\.15\.latch_n.ladder_fpga_sc_tck_c_i
COMP_ladder_fpga_SC_TEMPERATURE.a\.13\.d\.e.ff1                       clk               ladder_fpga_sc_tck_c                                                         
COMP_ladder_fpga_SC_TEMPERATURE.a\.40\.d\.e.scan_out                  clk               comp_gestion_hybrides_v4.control_alim.gen\.15\.latch_n.ladder_fpga_sc_tck_c_i
COMP_ladder_fpga_SC_TEMPERATURE.a\.40\.d\.e.ff1                       clk               ladder_fpga_sc_tck_c                                                         
COMP_ladder_fpga_SC_TEMPERATURE.a\.39\.d\.e.scan_out                  clk               comp_gestion_hybrides_v4.control_alim.gen\.15\.latch_n.ladder_fpga_sc_tck_c_i
COMP_ladder_fpga_SC_TEMPERATURE.a\.39\.d\.e.ff1                       clk               ladder_fpga_sc_tck_c                                                         
COMP_ladder_fpga_SC_TEMPERATURE.a\.44\.d\.e.scan_out                  clk               comp_gestion_hybrides_v4.control_alim.gen\.15\.latch_n.ladder_fpga_sc_tck_c_i
COMP_ladder_fpga_SC_TEMPERATURE.a\.44\.d\.e.ff1                       clk               ladder_fpga_sc_tck_c                                                         
COMP_ladder_fpga_SC_TEMPERATURE.a\.21\.d\.e.scan_out                  clk               comp_gestion_hybrides_v4.control_alim.gen\.15\.latch_n.ladder_fpga_sc_tck_c_i
COMP_ladder_fpga_SC_TEMPERATURE.a\.21\.d\.e.ff1                       clk               ladder_fpga_sc_tck_c                                                         
COMP_ladder_fpga_SC_TEMPERATURE.a\.34\.d\.e.scan_out                  clk               comp_gestion_hybrides_v4.control_alim.gen\.15\.latch_n.ladder_fpga_sc_tck_c_i
COMP_ladder_fpga_SC_TEMPERATURE.a\.34\.d\.e.ff1                       clk               ladder_fpga_sc_tck_c                                                         
COMP_ladder_fpga_SC_TEMPERATURE.a\.2\.d\.e.scan_out                   clk               comp_gestion_hybrides_v4.control_alim.gen\.15\.latch_n.ladder_fpga_sc_tck_c_i
COMP_ladder_fpga_SC_TEMPERATURE.a\.2\.d\.e.ff1                        clk               ladder_fpga_sc_tck_c                                                         
COMP_ladder_fpga_SC_TEMPERATURE.a\.32\.d\.e.scan_out                  clk               comp_gestion_hybrides_v4.control_alim.gen\.15\.latch_n.ladder_fpga_sc_tck_c_i
COMP_ladder_fpga_SC_TEMPERATURE.a\.32\.d\.e.ff1                       clk               ladder_fpga_sc_tck_c                                                         
COMP_ladder_fpga_SC_TEMPERATURE.a\.19\.d\.e.scan_out                  clk               comp_gestion_hybrides_v4.control_alim.gen\.15\.latch_n.ladder_fpga_sc_tck_c_i
COMP_ladder_fpga_SC_TEMPERATURE.a\.19\.d\.e.ff1                       clk               ladder_fpga_sc_tck_c                                                         
COMP_ladder_fpga_SC_TEMPERATURE.a\.6\.d\.e.scan_out                   clk               comp_gestion_hybrides_v4.control_alim.gen\.15\.latch_n.ladder_fpga_sc_tck_c_i
COMP_ladder_fpga_SC_TEMPERATURE.a\.6\.d\.e.ff1                        clk               ladder_fpga_sc_tck_c                                                         
COMP_ladder_fpga_SC_TEMPERATURE.a\.18\.d\.e.scan_out                  clk               comp_gestion_hybrides_v4.control_alim.gen\.15\.latch_n.ladder_fpga_sc_tck_c_i
COMP_ladder_fpga_SC_TEMPERATURE.a\.18\.d\.e.ff1                       clk               ladder_fpga_sc_tck_c                                                         
COMP_ladder_fpga_SC_TEMPERATURE.a\.5\.d\.e.scan_out                   clk               comp_gestion_hybrides_v4.control_alim.gen\.15\.latch_n.ladder_fpga_sc_tck_c_i
COMP_ladder_fpga_SC_TEMPERATURE.a\.5\.d\.e.ff1                        clk               ladder_fpga_sc_tck_c                                                         
COMP_ladder_fpga_SC_TEMPERATURE.a\.1\.d\.e.scan_out                   clk               comp_gestion_hybrides_v4.control_alim.gen\.15\.latch_n.ladder_fpga_sc_tck_c_i
COMP_ladder_fpga_SC_TEMPERATURE.a\.1\.d\.e.ff1                        clk               ladder_fpga_sc_tck_c                                                         
COMP_ladder_fpga_SC_TEMPERATURE.a\.0\.d\.e.scan_out                   clk               comp_gestion_hybrides_v4.control_alim.gen\.15\.latch_n.ladder_fpga_sc_tck_c_i
COMP_ladder_fpga_SC_TEMPERATURE.a\.0\.d\.e.ff1                        clk               ladder_fpga_sc_tck_c                                                         
COMP_ladder_fpga_SC_TEMPERATURE.a\.27\.d\.e.scan_out                  clk               comp_gestion_hybrides_v4.control_alim.gen\.15\.latch_n.ladder_fpga_sc_tck_c_i
COMP_ladder_fpga_SC_TEMPERATURE.a\.27\.d\.e.ff1                       clk               ladder_fpga_sc_tck_c                                                         
COMP_ladder_fpga_SC_TEMPERATURE.a\.33\.d\.e.scan_out                  clk               comp_gestion_hybrides_v4.control_alim.gen\.15\.latch_n.ladder_fpga_sc_tck_c_i
COMP_ladder_fpga_SC_TEMPERATURE.a\.33\.d\.e.ff1                       clk               ladder_fpga_sc_tck_c                                                         
COMP_ladder_fpga_SC_TEMPERATURE.a\.38\.d\.e.scan_out                  clk               comp_gestion_hybrides_v4.control_alim.gen\.15\.latch_n.ladder_fpga_sc_tck_c_i
COMP_ladder_fpga_SC_TEMPERATURE.a\.38\.d\.e.ff1                       clk               ladder_fpga_sc_tck_c                                                         
COMP_ladder_fpga_SC_TEMPERATURE.a\.25\.d\.e.scan_out                  clk               comp_gestion_hybrides_v4.control_alim.gen\.15\.latch_n.ladder_fpga_sc_tck_c_i
COMP_ladder_fpga_SC_TEMPERATURE.a\.25\.d\.e.ff1                       clk               ladder_fpga_sc_tck_c                                                         
COMP_ladder_fpga_SC_TEMPERATURE.a\.12\.d\.e.scan_out                  clk               comp_gestion_hybrides_v4.control_alim.gen\.15\.latch_n.ladder_fpga_sc_tck_c_i
COMP_ladder_fpga_SC_TEMPERATURE.a\.12\.d\.e.ff1                       clk               ladder_fpga_sc_tck_c                                                         
COMP_ladder_fpga_SC_TEMPERATURE.a\.14\.d\.e.scan_out                  clk               comp_gestion_hybrides_v4.control_alim.gen\.15\.latch_n.ladder_fpga_sc_tck_c_i
COMP_ladder_fpga_SC_TEMPERATURE.a\.14\.d\.e.ff1                       clk               ladder_fpga_sc_tck_c                                                         
COMP_ladder_fpga_SC_TEMPERATURE.a\.8\.d\.e.scan_out                   clk               comp_gestion_hybrides_v4.control_alim.gen\.15\.latch_n.ladder_fpga_sc_tck_c_i
COMP_ladder_fpga_SC_TEMPERATURE.a\.8\.d\.e.ff1                        clk               ladder_fpga_sc_tck_c                                                         
COMP_ladder_fpga_SC_TEMPERATURE.a\.35\.d\.e.scan_out                  clk               comp_gestion_hybrides_v4.control_alim.gen\.15\.latch_n.ladder_fpga_sc_tck_c_i
COMP_ladder_fpga_SC_TEMPERATURE.a\.35\.d\.e.ff1                       clk               ladder_fpga_sc_tck_c                                                         
COMP_ladder_fpga_SC_TEMPERATURE.a\.22\.d\.e.scan_out                  clk               comp_gestion_hybrides_v4.control_alim.gen\.15\.latch_n.ladder_fpga_sc_tck_c_i
COMP_ladder_fpga_SC_TEMPERATURE.a\.22\.d\.e.ff1                       clk               ladder_fpga_sc_tck_c                                                         
COMP_ladder_fpga_SC_TEMPERATURE.a\.9\.d\.e.scan_out                   clk               comp_gestion_hybrides_v4.control_alim.gen\.15\.latch_n.ladder_fpga_sc_tck_c_i
COMP_ladder_fpga_SC_TEMPERATURE.a\.9\.d\.e.ff1                        clk               ladder_fpga_sc_tck_c                                                         
COMP_ladder_fpga_SC_TEMPERATURE.a\.36\.d\.e.scan_out                  clk               comp_gestion_hybrides_v4.control_alim.gen\.15\.latch_n.ladder_fpga_sc_tck_c_i
COMP_ladder_fpga_SC_TEMPERATURE.a\.36\.d\.e.ff1                       clk               ladder_fpga_sc_tck_c                                                         
COMP_ladder_fpga_SC_TEMPERATURE.a\.23\.d\.e.scan_out                  clk               comp_gestion_hybrides_v4.control_alim.gen\.15\.latch_n.ladder_fpga_sc_tck_c_i
COMP_ladder_fpga_SC_TEMPERATURE.a\.23\.d\.e.ff1                       clk               ladder_fpga_sc_tck_c                                                         
COMP_ladder_fpga_SC_TEMPERATURE.a\.10\.d\.e.scan_out                  clk               comp_gestion_hybrides_v4.control_alim.gen\.15\.latch_n.ladder_fpga_sc_tck_c_i
COMP_ladder_fpga_SC_TEMPERATURE.a\.10\.d\.e.ff1                       clk               ladder_fpga_sc_tck_c                                                         
COMP_ladder_fpga_SC_TEMPERATURE.a\.37\.d\.e.scan_out                  clk               comp_gestion_hybrides_v4.control_alim.gen\.15\.latch_n.ladder_fpga_sc_tck_c_i
COMP_ladder_fpga_SC_TEMPERATURE.a\.37\.d\.e.ff1                       clk               ladder_fpga_sc_tck_c                                                         
COMP_ladder_fpga_SC_TEMPERATURE.a\.24\.d\.e.scan_out                  clk               comp_gestion_hybrides_v4.control_alim.gen\.15\.latch_n.ladder_fpga_sc_tck_c_i
COMP_ladder_fpga_SC_TEMPERATURE.a\.24\.d\.e.ff1                       clk               ladder_fpga_sc_tck_c                                                         
COMP_ladder_fpga_SC_TEMPERATURE.a\.42\.d\.e.scan_out                  clk               comp_gestion_hybrides_v4.control_alim.gen\.15\.latch_n.ladder_fpga_sc_tck_c_i
COMP_ladder_fpga_SC_TEMPERATURE.a\.42\.d\.e.ff1                       clk               ladder_fpga_sc_tck_c                                                         
COMP_ladder_fpga_SC_TEMPERATURE.a\.20\.d\.e.scan_out                  clk               comp_gestion_hybrides_v4.control_alim.gen\.15\.latch_n.ladder_fpga_sc_tck_c_i
COMP_ladder_fpga_SC_TEMPERATURE.a\.20\.d\.e.ff1                       clk               ladder_fpga_sc_tck_c                                                         
COMP_ladder_fpga_SC_TEMPERATURE.a\.16\.d\.e.scan_out                  clk               comp_gestion_hybrides_v4.control_alim.gen\.15\.latch_n.ladder_fpga_sc_tck_c_i
COMP_ladder_fpga_SC_TEMPERATURE.a\.16\.d\.e.ff1                       clk               ladder_fpga_sc_tck_c                                                         
COMP_ladder_fpga_SC_TEMPERATURE.a\.3\.d\.e.scan_out                   clk               comp_gestion_hybrides_v4.control_alim.gen\.15\.latch_n.ladder_fpga_sc_tck_c_i
COMP_ladder_fpga_SC_TEMPERATURE.a\.3\.d\.e.ff1                        clk               ladder_fpga_sc_tck_c                                                         
COMP_ladder_fpga_SC_TEMPERATURE.a\.11\.d\.e.scan_out                  clk               comp_gestion_hybrides_v4.control_alim.gen\.15\.latch_n.ladder_fpga_sc_tck_c_i
COMP_ladder_fpga_SC_TEMPERATURE.a\.11\.d\.e.ff1                       clk               ladder_fpga_sc_tck_c                                                         
COMP_ladder_fpga_SC_TEMPERATURE.a\.41\.d\.e.scan_out                  clk               comp_gestion_hybrides_v4.control_alim.gen\.15\.latch_n.ladder_fpga_sc_tck_c_i
COMP_ladder_fpga_SC_TEMPERATURE.a\.41\.d\.e.ff1                       clk               ladder_fpga_sc_tck_c                                                         
COMP_ladder_fpga_SC_TEMPERATURE.a\.7\.d\.e.scan_out                   clk               comp_gestion_hybrides_v4.control_alim.gen\.15\.latch_n.ladder_fpga_sc_tck_c_i
COMP_ladder_fpga_SC_TEMPERATURE.a\.7\.d\.e.ff1                        clk               ladder_fpga_sc_tck_c                                                         
COMP_ladder_fpga_SC_TEMPERATURE.a\.43\.d\.e.scan_out                  clk               comp_gestion_hybrides_v4.control_alim.gen\.15\.latch_n.ladder_fpga_sc_tck_c_i
COMP_ladder_fpga_SC_TEMPERATURE.a\.43\.d\.e.ff1                       clk               ladder_fpga_sc_tck_c                                                         
COMP_ladder_fpga_SC_TEMPERATURE.a\.46\.d\.e.scan_out                  clk               comp_gestion_hybrides_v4.control_alim.gen\.15\.latch_n.ladder_fpga_sc_tck_c_i
COMP_ladder_fpga_SC_TEMPERATURE.a\.46\.d\.e.ff1                       clk               ladder_fpga_sc_tck_c                                                         
COMP_ladder_fpga_SC_TEMPERATURE.a\.45\.d\.e.scan_out                  clk               comp_gestion_hybrides_v4.control_alim.gen\.15\.latch_n.ladder_fpga_sc_tck_c_i
COMP_ladder_fpga_SC_TEMPERATURE.a\.45\.d\.e.ff1                       clk               ladder_fpga_sc_tck_c                                                         
COMP_ladder_fpga_SC_TEMPERATURE.a\.17\.d\.e.scan_out                  clk               comp_gestion_hybrides_v4.control_alim.gen\.15\.latch_n.ladder_fpga_sc_tck_c_i
COMP_ladder_fpga_SC_TEMPERATURE.a\.17\.d\.e.ff1                       clk               ladder_fpga_sc_tck_c                                                         
COMP_ladder_fpga_SC_TEMPERATURE.a\.4\.d\.e.scan_out                   clk               comp_gestion_hybrides_v4.control_alim.gen\.15\.latch_n.ladder_fpga_sc_tck_c_i
COMP_ladder_fpga_SC_TEMPERATURE.a\.4\.d\.e.ff1                        clk               ladder_fpga_sc_tck_c                                                         
COMP_ladder_fpga_SC_TEMPERATURE.a\.31\.d\.e.scan_out                  clk               comp_gestion_hybrides_v4.control_alim.gen\.15\.latch_n.ladder_fpga_sc_tck_c_i
COMP_ladder_fpga_SC_TEMPERATURE.a\.31\.d\.e.ff1                       clk               ladder_fpga_sc_tck_c                                                         
COMP_ladder_fpga_SC_TEMPERATURE.a\.30\.d\.e.scan_out                  clk               comp_gestion_hybrides_v4.control_alim.gen\.15\.latch_n.ladder_fpga_sc_tck_c_i
COMP_ladder_fpga_SC_TEMPERATURE.a\.30\.d\.e.ff1                       clk               ladder_fpga_sc_tck_c                                                         
COMP_ladder_fpga_SC_TEMPERATURE.a\.29\.d\.e.scan_out                  clk               comp_gestion_hybrides_v4.control_alim.gen\.15\.latch_n.ladder_fpga_sc_tck_c_i
COMP_ladder_fpga_SC_TEMPERATURE.a\.29\.d\.e.ff1                       clk               ladder_fpga_sc_tck_c                                                         
COMP_ladder_fpga_SC_TEMPERATURE.a\.28\.d\.e.scan_out                  clk               comp_gestion_hybrides_v4.control_alim.gen\.15\.latch_n.ladder_fpga_sc_tck_c_i
COMP_ladder_fpga_SC_TEMPERATURE.a\.28\.d\.e.ff1                       clk               ladder_fpga_sc_tck_c                                                         
COMP_ladder_fpga_SC_TEMPERATURE.a\.15\.d\.e.scan_out                  clk               comp_gestion_hybrides_v4.control_alim.gen\.15\.latch_n.ladder_fpga_sc_tck_c_i
COMP_ladder_fpga_SC_TEMPERATURE.a\.15\.d\.e.ff1                       clk               ladder_fpga_sc_tck_c                                                         
comp_gestion_hybrides_v4.control_alim.gen\.0\.latch_n.pilotage_n      clk               comp_gestion_hybrides_v4.control_alim.gen\.15\.latch_n.ladder_fpga_sc_tck_c_i
comp_gestion_hybrides_v4.control_alim.gen\.1\.latch_n.pilotage_n      clk               comp_gestion_hybrides_v4.control_alim.gen\.15\.latch_n.ladder_fpga_sc_tck_c_i
comp_gestion_hybrides_v4.control_alim.gen\.2\.latch_n.pilotage_n      clk               comp_gestion_hybrides_v4.control_alim.gen\.15\.latch_n.ladder_fpga_sc_tck_c_i
comp_gestion_hybrides_v4.control_alim.gen\.3\.latch_n.pilotage_n      clk               comp_gestion_hybrides_v4.control_alim.gen\.15\.latch_n.ladder_fpga_sc_tck_c_i
comp_gestion_hybrides_v4.control_alim.gen\.4\.latch_n.pilotage_n      clk               comp_gestion_hybrides_v4.control_alim.gen\.15\.latch_n.ladder_fpga_sc_tck_c_i
comp_gestion_hybrides_v4.control_alim.gen\.5\.latch_n.pilotage_n      clk               comp_gestion_hybrides_v4.control_alim.gen\.15\.latch_n.ladder_fpga_sc_tck_c_i
comp_gestion_hybrides_v4.control_alim.gen\.6\.latch_n.pilotage_n      clk               comp_gestion_hybrides_v4.control_alim.gen\.15\.latch_n.ladder_fpga_sc_tck_c_i
comp_gestion_hybrides_v4.control_alim.gen\.7\.latch_n.pilotage_n      clk               comp_gestion_hybrides_v4.control_alim.gen\.15\.latch_n.ladder_fpga_sc_tck_c_i
comp_gestion_hybrides_v4.control_alim.gen\.8\.latch_n.pilotage_n      clk               comp_gestion_hybrides_v4.control_alim.gen\.15\.latch_n.ladder_fpga_sc_tck_c_i
comp_gestion_hybrides_v4.control_alim.gen\.9\.latch_n.pilotage_n      clk               comp_gestion_hybrides_v4.control_alim.gen\.15\.latch_n.ladder_fpga_sc_tck_c_i
comp_gestion_hybrides_v4.control_alim.gen\.10\.latch_n.pilotage_n     clk               comp_gestion_hybrides_v4.control_alim.gen\.15\.latch_n.ladder_fpga_sc_tck_c_i
comp_gestion_hybrides_v4.control_alim.gen\.11\.latch_n.pilotage_n     clk               comp_gestion_hybrides_v4.control_alim.gen\.15\.latch_n.ladder_fpga_sc_tck_c_i
comp_gestion_hybrides_v4.control_alim.gen\.12\.latch_n.pilotage_n     clk               comp_gestion_hybrides_v4.control_alim.gen\.15\.latch_n.ladder_fpga_sc_tck_c_i
comp_gestion_hybrides_v4.control_alim.gen\.13\.latch_n.pilotage_n     clk               comp_gestion_hybrides_v4.control_alim.gen\.15\.latch_n.ladder_fpga_sc_tck_c_i
comp_gestion_hybrides_v4.control_alim.gen\.14\.latch_n.pilotage_n     clk               comp_gestion_hybrides_v4.control_alim.gen\.15\.latch_n.ladder_fpga_sc_tck_c_i
comp_gestion_hybrides_v4.control_alim.gen\.15\.latch_n.pilotage_n     clk               comp_gestion_hybrides_v4.control_alim.gen\.15\.latch_n.ladder_fpga_sc_tck_c_i
=====================================================================================================================================================================

================= End gated clock report =================

