##### START OF AREA REPORT #####[
Design view:work.ladder_fpga(ladder_fpga_arch)
Selecting part EP3C16F484C6

Total combinational functions 1070 
Logic element usage by number of inputs
		  4 input functions 	 465
		  3 input functions 	 253
		  <=2 input functions 	 352
Logic elements by mode
		  normal mode            925
		  arithmetic mode        145
Total registers 1123 of 16490 ( 6%)
I/O pins 293 of 161 (48%), total I/O based on largest package of this part.

Number of I/O registers
			Output DDRs   :0


DSP Blocks:     0  (0 nine-bit DSP elements).
DSP Utilization: 0.00% of available 56 blocks (112 nine-bit).
ShiftTap:       0  (0 registers)
Total ESB:      0 bits 

##### END OF AREA REPORT #####]

