C:\FPGAtools\Synopsys\fpga_H2013031\bin64\c_hdl.exe  -nooutputcheck  -top  ladder_fpga  -hdlloga  U:\work_lbnl\SSD\ladder_card\v2b\ladder_fpga_v0d_luis_tokeninverted_rclk_temperture\ladder_fpga_v0d\rev_1\syntax.log  -encrypt  -vhdl  -prodtype  synplify_pro  -useclone -ui  -verification_mode 0 -infer_seqShift -primux -fixsmult -dspmac  -nram -divnmod  -dmgen  U:\work_lbnl\SSD\ladder_card\v2b\ladder_fpga_v0d_luis_tokeninverted_rclk_temperture\ladder_fpga_v0d\rev_1\dm  -lite -ll 2000   -ui -fid2 -ram -sharing off  -autosm -ignore_undefined_lib  -lib work U:\work_lbnl\SSD\ladder_card\v2b\ladder_fpga_v0d_luis_tokeninverted_rclk_temperture\ladder_fpga_v0d\header_star_ssdU.vhd -lib work U:\work_lbnl\SSD\ladder_card\v2b\ladder_fpga_v0d_luis_tokeninverted_rclk_temperture\ladder_fpga_v0d\br_cell_1clk.vhd -lib work U:\work_lbnl\SSD\ladder_card\v2b\ladder_fpga_v0d_luis_tokeninverted_rclk_temperture\ladder_fpga_v0d\dr_cell.vhd -lib work U:\work_lbnl\SSD\ladder_card\v2b\ladder_fpga_v0d_luis_tokeninverted_rclk_temperture\ladder_fpga_v0d\mesure_temperature.vhd -lib work U:\work_lbnl\SSD\ladder_card\v2b\ladder_fpga_v0d_luis_tokeninverted_rclk_temperture\ladder_fpga_v0d\comptage_temperature.vhd -lib work U:\work_lbnl\SSD\ladder_card\v2b\ladder_fpga_v0d_luis_tokeninverted_rclk_temperture\ladder_fpga_v0d\dr_cell_avec_pulse.vhd -lib work U:\work_lbnl\SSD\ladder_card\v2b\ladder_fpga_v0d_luis_tokeninverted_rclk_temperture\ladder_fpga_v0d\mega_func_pll_40MHz_switchover_cycloneIII.vhd -lib work U:\work_lbnl\SSD\ladder_card\v2b\ladder_fpga_v0d_luis_tokeninverted_rclk_temperture\ladder_fpga_v0d\ir_5_bits.vhd -lib work U:\work_lbnl\SSD\ladder_card\v2b\ladder_fpga_v0d_luis_tokeninverted_rclk_temperture\ladder_fpga_v0d\ir_cell.vhd -lib work U:\work_lbnl\SSD\ladder_card\v2b\ladder_fpga_v0d_luis_tokeninverted_rclk_temperture\ladder_fpga_v0d\mux_2_1.vhd -lib work U:\work_lbnl\SSD\ladder_card\v2b\ladder_fpga_v0d_luis_tokeninverted_rclk_temperture\ladder_fpga_v0d\mux_tdo.vhd -lib work U:\work_lbnl\SSD\ladder_card\v2b\ladder_fpga_v0d_luis_tokeninverted_rclk_temperture\ladder_fpga_v0d\tap_control.vhd -lib work U:\work_lbnl\SSD\ladder_card\v2b\ladder_fpga_v0d_luis_tokeninverted_rclk_temperture\ladder_fpga_v0d\dr_x_bits.vhd -lib work U:\work_lbnl\SSD\ladder_card\v2b\ladder_fpga_v0d_luis_tokeninverted_rclk_temperture\ladder_fpga_v0d\dr_x_bits_init.vhd -lib work U:\work_lbnl\SSD\ladder_card\v2b\ladder_fpga_v0d_luis_tokeninverted_rclk_temperture\ladder_fpga_v0d\dr_x_bits_avec_pulse.vhd -lib work U:\work_lbnl\SSD\ladder_card\v2b\ladder_fpga_v0d_luis_tokeninverted_rclk_temperture\ladder_fpga_v0d\identificateur_8bits.vhd -lib work U:\work_lbnl\SSD\ladder_card\v2b\ladder_fpga_v0d_luis_tokeninverted_rclk_temperture\ladder_fpga_v0d\filtre_latchup.vhd -lib work U:\work_lbnl\SSD\ladder_card\v2b\ladder_fpga_v0d_luis_tokeninverted_rclk_temperture\ladder_fpga_v0d\memoire_latchup.vhd -lib work U:\work_lbnl\SSD\ladder_card\v2b\ladder_fpga_v0d_luis_tokeninverted_rclk_temperture\ladder_fpga_v0d\memoire_latchup_general.vhd -lib work U:\work_lbnl\SSD\ladder_card\v2b\ladder_fpga_v0d_luis_tokeninverted_rclk_temperture\ladder_fpga_v0d\memoire_tokenout_echelle.vhd -lib work U:\work_lbnl\SSD\ladder_card\v2b\ladder_fpga_v0d_luis_tokeninverted_rclk_temperture\ladder_fpga_v0d\signaux_hybrides.vhd -lib work U:\work_lbnl\SSD\ladder_card\v2b\ladder_fpga_v0d_luis_tokeninverted_rclk_temperture\ladder_fpga_v0d\gestion_hybrides_v4.vhd -lib work U:\work_lbnl\SSD\ladder_card\v2b\ladder_fpga_v0d_luis_tokeninverted_rclk_temperture\ladder_fpga_v0d\mega_func_fifo8x256_cycloneIII.vhd -lib work U:\work_lbnl\SSD\ladder_card\v2b\ladder_fpga_v0d_luis_tokeninverted_rclk_temperture\ladder_fpga_v0d\mega_func_fifo21x32_cycloneIII.vhd -lib work U:\work_lbnl\SSD\ladder_card\v2b\ladder_fpga_v0d_luis_tokeninverted_rclk_temperture\ladder_fpga_v0d\date_stamp.vhd -lib work U:\work_lbnl\SSD\ladder_card\v2b\ladder_fpga_v0d_luis_tokeninverted_rclk_temperture\ladder_fpga_v0d\ladder_fpga.vhd -lib work U:\work_lbnl\SSD\ladder_card\v2b\ladder_fpga_v0d_luis_tokeninverted_rclk_temperture\ladder_fpga_v0d\shiftreg.vhd -verilog  -prodtype  synplify_pro  -useclone -ui  -I U:\work_lbnl\SSD\ladder_card\v2b\ladder_fpga_v0d_luis_tokeninverted_rclk_temperture\ladder_fpga_v0d\extra_input  -I U:\work_lbnl\SSD\ladder_card\v2b\ladder_fpga_v0d_luis_tokeninverted_rclk_temperture\ladder_fpga_v0d\extra_input  -I U:\work_lbnl\SSD\ladder_card\v2b\ladder_fpga_v0d_luis_tokeninverted_rclk_temperture\ladder_fpga_v0d\  -I C:\FPGAtools\Synopsys\fpga_H2013031\lib  -v2001  -verification_mode 0 -infer_seqShift -primux -fixsmult -dspmac  -nram -divnmod  -devicelib  C:\FPGAtools\Synopsys\fpga_H2013031\lib\altera\altera.v  -devicelib  C:\FPGAtools\Synopsys\fpga_H2013031\lib\altera\quartus_II101\cycloneiii.v  -devicelib  C:\FPGAtools\Synopsys\fpga_H2013031\lib\altera\quartus_II101\altera_mf.v  -devicelib  C:\FPGAtools\Synopsys\fpga_H2013031\lib\altera\quartus_II101\altera_lpm.v  -devicelib  C:\FPGAtools\Synopsys\fpga_H2013031\lib\altera\quartus_II101\altera_primitives.v  -dmgen  U:\work_lbnl\SSD\ladder_card\v2b\ladder_fpga_v0d_luis_tokeninverted_rclk_temperture\ladder_fpga_v0d\rev_1\dm  -ll 2000   -ui -fid2 -ram -sharing off  -autosm -lib work U:\work_lbnl\SSD\ladder_card\v2b\ladder_fpga_v0d_luis_tokeninverted_rclk_temperture\ladder_fpga_v0d\C__altera_10_0_quartus_eda_fv_lib_verilog\cycloneiii_crcblock.v 
rc:0 success:1
U:\work_lbnl\SSD\ladder_card\v2b\ladder_fpga_v0d_luis_tokeninverted_rclk_temperture\ladder_fpga_v0d\rev_1\syntax.log|o|1367605096|58735
U:\work_lbnl\SSD\ladder_card\v2b\ladder_fpga_v0d_luis_tokeninverted_rclk_temperture\ladder_fpga_v0d\header_star_ssdU.vhd|i|1351716063|8067
U:\work_lbnl\SSD\ladder_card\v2b\ladder_fpga_v0d_luis_tokeninverted_rclk_temperture\ladder_fpga_v0d\br_cell_1clk.vhd|i|1351716060|2288
U:\work_lbnl\SSD\ladder_card\v2b\ladder_fpga_v0d_luis_tokeninverted_rclk_temperture\ladder_fpga_v0d\dr_cell.vhd|i|1351716061|2320
U:\work_lbnl\SSD\ladder_card\v2b\ladder_fpga_v0d_luis_tokeninverted_rclk_temperture\ladder_fpga_v0d\mesure_temperature.vhd|i|1367605086|6198
U:\work_lbnl\SSD\ladder_card\v2b\ladder_fpga_v0d_luis_tokeninverted_rclk_temperture\ladder_fpga_v0d\comptage_temperature.vhd|i|1351716060|2434
U:\work_lbnl\SSD\ladder_card\v2b\ladder_fpga_v0d_luis_tokeninverted_rclk_temperture\ladder_fpga_v0d\dr_cell_avec_pulse.vhd|i|1351716061|2871
U:\work_lbnl\SSD\ladder_card\v2b\ladder_fpga_v0d_luis_tokeninverted_rclk_temperture\ladder_fpga_v0d\mega_func_pll_40MHz_switchover_cycloneIII.vhd|i|1351716067|22431
U:\work_lbnl\SSD\ladder_card\v2b\ladder_fpga_v0d_luis_tokeninverted_rclk_temperture\ladder_fpga_v0d\ir_5_bits.vhd|i|1351716063|2774
U:\work_lbnl\SSD\ladder_card\v2b\ladder_fpga_v0d_luis_tokeninverted_rclk_temperture\ladder_fpga_v0d\ir_cell.vhd|i|1351716063|2183
U:\work_lbnl\SSD\ladder_card\v2b\ladder_fpga_v0d_luis_tokeninverted_rclk_temperture\ladder_fpga_v0d\mux_2_1.vhd|i|1351716068|1088
U:\work_lbnl\SSD\ladder_card\v2b\ladder_fpga_v0d_luis_tokeninverted_rclk_temperture\ladder_fpga_v0d\mux_tdo.vhd|i|1351716068|4433
U:\work_lbnl\SSD\ladder_card\v2b\ladder_fpga_v0d_luis_tokeninverted_rclk_temperture\ladder_fpga_v0d\tap_control.vhd|i|1351716070|13642
U:\work_lbnl\SSD\ladder_card\v2b\ladder_fpga_v0d_luis_tokeninverted_rclk_temperture\ladder_fpga_v0d\dr_x_bits.vhd|i|1351716061|3146
U:\work_lbnl\SSD\ladder_card\v2b\ladder_fpga_v0d_luis_tokeninverted_rclk_temperture\ladder_fpga_v0d\dr_x_bits_init.vhd|i|1351716062|3356
U:\work_lbnl\SSD\ladder_card\v2b\ladder_fpga_v0d_luis_tokeninverted_rclk_temperture\ladder_fpga_v0d\dr_x_bits_avec_pulse.vhd|i|1351716062|3350
U:\work_lbnl\SSD\ladder_card\v2b\ladder_fpga_v0d_luis_tokeninverted_rclk_temperture\ladder_fpga_v0d\identificateur_8bits.vhd|i|1351716063|2964
U:\work_lbnl\SSD\ladder_card\v2b\ladder_fpga_v0d_luis_tokeninverted_rclk_temperture\ladder_fpga_v0d\filtre_latchup.vhd|i|1351716062|3115
U:\work_lbnl\SSD\ladder_card\v2b\ladder_fpga_v0d_luis_tokeninverted_rclk_temperture\ladder_fpga_v0d\memoire_latchup.vhd|i|1351716067|4097
U:\work_lbnl\SSD\ladder_card\v2b\ladder_fpga_v0d_luis_tokeninverted_rclk_temperture\ladder_fpga_v0d\memoire_latchup_general.vhd|i|1351716068|1616
U:\work_lbnl\SSD\ladder_card\v2b\ladder_fpga_v0d_luis_tokeninverted_rclk_temperture\ladder_fpga_v0d\memoire_tokenout_echelle.vhd|i|1351716068|4282
U:\work_lbnl\SSD\ladder_card\v2b\ladder_fpga_v0d_luis_tokeninverted_rclk_temperture\ladder_fpga_v0d\signaux_hybrides.vhd|i|1351716069|5741
U:\work_lbnl\SSD\ladder_card\v2b\ladder_fpga_v0d_luis_tokeninverted_rclk_temperture\ladder_fpga_v0d\gestion_hybrides_v4.vhd|i|1351716062|19363
U:\work_lbnl\SSD\ladder_card\v2b\ladder_fpga_v0d_luis_tokeninverted_rclk_temperture\ladder_fpga_v0d\mega_func_fifo8x256_cycloneIII.vhd|i|1351716067|7901
U:\work_lbnl\SSD\ladder_card\v2b\ladder_fpga_v0d_luis_tokeninverted_rclk_temperture\ladder_fpga_v0d\mega_func_fifo21x32_cycloneIII.vhd|i|1351716066|7916
U:\work_lbnl\SSD\ladder_card\v2b\ladder_fpga_v0d_luis_tokeninverted_rclk_temperture\ladder_fpga_v0d\date_stamp.vhd|i|1351723169|237
U:\work_lbnl\SSD\ladder_card\v2b\ladder_fpga_v0d_luis_tokeninverted_rclk_temperture\ladder_fpga_v0d\ladder_fpga.vhd|i|1367442794|151443
U:\work_lbnl\SSD\ladder_card\v2b\ladder_fpga_v0d_luis_tokeninverted_rclk_temperture\ladder_fpga_v0d\shiftreg.vhd|i|1351716069|4712
C:\FPGAtools\Synopsys\fpga_H2013031\lib\altera\altera.v|i|1361864404|799
C:\FPGAtools\Synopsys\fpga_H2013031\lib\altera\quartus_II101\cycloneiii.v|i|1361864480|30740
C:\FPGAtools\Synopsys\fpga_H2013031\lib\altera\quartus_II101\altera_mf.v|i|1361864480|196730
C:\FPGAtools\Synopsys\fpga_H2013031\lib\altera\quartus_II101\altera_lpm.v|i|1361864480|14912
C:\FPGAtools\Synopsys\fpga_H2013031\lib\altera\quartus_II101\altera_primitives.v|i|1361864480|8315
U:\work_lbnl\SSD\ladder_card\v2b\ladder_fpga_v0d_luis_tokeninverted_rclk_temperture\ladder_fpga_v0d\C__altera_10_0_quartus_eda_fv_lib_verilog\cycloneiii_crcblock.v|i|1351716076|1057
C:\FPGAtools\Synopsys\fpga_H2013031\bin64\c_hdl.exe|i|1361864350|3834368
C:\FPGAtools\Synopsys\fpga_H2013031\bin\c_hdl.exe|i|1361864340|636416
