C:\FPGAtools\Synopsys\fpga_H2013031\bin64\m_altera.exe  -prodtype synplify_pro -encrypt  -pro  -rundir  C:\work\SSD\laddercard\fpga\ladder_fpga_v0e\rev_1  -part EP3C16FC484-6   -maxfan 30 -verification_mode 0      -fixgatedclocks 1 -fixgeneratedclocks 1 -syn_altera_model on -mif_files_dirs " "  -validate_mif_files  -reporting_ctd 1  -RWCheckOnRam 1   -ovhdl "ladder_fpga.vhm" -resolveMultipleDriver -summaryfile C:\work\SSD\laddercard\fpga\ladder_fpga_v0e\rev_1\synlog\report\ladder_fpga_fpga_mapper.xml -top_level_module  ladder_fpga  -map -flow mapping  -bamode  -mp 1 -prjfile  C:\work\SSD\laddercard\fpga\ladder_fpga_v0e\rev_1\scratchproject.prs  -implementation rev_1 -licensetype  synplifypro_altera  -ta_num_paths 10  -ta_num_points 10  -vqm41  -ovqm  C:\work\SSD\laddercard\fpga\ladder_fpga_v0e\rev_1\ladder_fpga.vqm  -autoconstraint  -freq 1.000  -tcl  C:\work\SSD\laddercard\fpga\ladder_fpga_v0e\ladder_fpga.sdc  -tcl  C:\work\SSD\laddercard\fpga\ladder_fpga_v0e\rev_1\pin_assign.sdc  C:\work\SSD\laddercard\fpga\ladder_fpga_v0e\rev_1\synwork\ladder_fpga_premap.srd  -tcl  C:\work\SSD\laddercard\fpga\ladder_fpga_v0e\rev_1\ladder_fpga_fsm.sdc  -sap  C:\work\SSD\laddercard\fpga\ladder_fpga_v0e\rev_1\ladder_fpga.sap  -otap  C:\work\SSD\laddercard\fpga\ladder_fpga_v0e\rev_1\ladder_fpga.tap  -omap  C:\work\SSD\laddercard\fpga\ladder_fpga_v0e\rev_1\ladder_fpga.map  -devicelib  C:\FPGAtools\Synopsys\fpga_H2013031\lib\altera\altera.v  -devicelib  C:\FPGAtools\Synopsys\fpga_H2013031\lib\altera\quartus_II101\cycloneiii.v  -devicelib  C:\FPGAtools\Synopsys\fpga_H2013031\lib\altera\quartus_II101\altera_mf.v  -devicelib  C:\FPGAtools\Synopsys\fpga_H2013031\lib\altera\quartus_II101\altera_lpm.v  -devicelib  C:\FPGAtools\Synopsys\fpga_H2013031\lib\altera\quartus_II101\altera_primitives.v  -sap  C:\work\SSD\laddercard\fpga\ladder_fpga_v0e\rev_1\ladder_fpga.sap  -ologparam  C:\work\SSD\laddercard\fpga\ladder_fpga_v0e\rev_1\syntmp\ladder_fpga.plg  -osyn  C:\work\SSD\laddercard\fpga\ladder_fpga_v0e\rev_1\ladder_fpga.srm  -prjdir  C:\work\SSD\laddercard\fpga\ladder_fpga_v0e\  -prjname  ladder_fpga  -log  C:\work\SSD\laddercard\fpga\ladder_fpga_v0e\rev_1\synlog\ladder_fpga_fpga_mapper.srr 
rc:1 success:1
C:\work\SSD\laddercard\fpga\ladder_fpga_v0e\rev_1\scratchproject.prs|o|1398288566|4803
C:\work\SSD\laddercard\fpga\ladder_fpga_v0e\rev_1\ladder_fpga.vqm|o|1401372682|1151209
C:\work\SSD\laddercard\fpga\ladder_fpga_v0e\ladder_fpga.sdc|i|1399996898|10068
C:\work\SSD\laddercard\fpga\ladder_fpga_v0e\rev_1\pin_assign.sdc|i|1399996898|21129
C:\work\SSD\laddercard\fpga\ladder_fpga_v0e\rev_1\synwork\ladder_fpga_premap.srd|i|1401372670|139651
C:\work\SSD\laddercard\fpga\ladder_fpga_v0e\rev_1\ladder_fpga_fsm.sdc|i|1395962214|0
C:\work\SSD\laddercard\fpga\ladder_fpga_v0e\rev_1\ladder_fpga.sap|o|1401372670|280356
C:\work\SSD\laddercard\fpga\ladder_fpga_v0e\rev_1\ladder_fpga.tap|o|0|0
C:\work\SSD\laddercard\fpga\ladder_fpga_v0e\rev_1\ladder_fpga.map|o|1401372685|28
C:\FPGAtools\Synopsys\fpga_H2013031\lib\altera\altera.v|i|1361864404|799
C:\FPGAtools\Synopsys\fpga_H2013031\lib\altera\quartus_II101\cycloneiii.v|i|1361864480|30740
C:\FPGAtools\Synopsys\fpga_H2013031\lib\altera\quartus_II101\altera_mf.v|i|1361864480|196730
C:\FPGAtools\Synopsys\fpga_H2013031\lib\altera\quartus_II101\altera_lpm.v|i|1361864480|14912
C:\FPGAtools\Synopsys\fpga_H2013031\lib\altera\quartus_II101\altera_primitives.v|i|1361864480|8315
C:\work\SSD\laddercard\fpga\ladder_fpga_v0e\rev_1\ladder_fpga.sap|o|1401372670|280356
C:\work\SSD\laddercard\fpga\ladder_fpga_v0e\rev_1\syntmp\ladder_fpga.plg|o|1401372685|11914
C:\work\SSD\laddercard\fpga\ladder_fpga_v0e\rev_1\ladder_fpga.srm|o|1401372682|795746
C:\work\SSD\laddercard\fpga\ladder_fpga_v0e\rev_1\synlog\ladder_fpga_fpga_mapper.srr|o|1401372685|385927
C:\FPGAtools\Synopsys\fpga_H2013031\bin64\m_altera.exe|i|1363241530|16699904
C:\FPGAtools\Synopsys\fpga_H2013031\bin\m_altera.exe|i|1363241518|13656064
