C:\Synopsys\fpga_E201103\bin64\m_altera.exe  -prodtype synplify_pro -encrypt  -pro  -part EP3C16FC484-6   -maxfan 30       -fixgatedclocks 3 -fixgeneratedclocks 3 -syn_altera_model on   -reporting_ctd 0   -ovhdl "ladder_fpga.vhm" -resolveMultipleDriver -top_level_module  ladder_fpga  -map -ta_num_paths 10  -ta_num_points 10  -vqm41  -ovqm  D:\renard\star_upgrade\ladder_fpga\rev_1\ladder_fpga.vqm  -conchk_prepass  D:\renard\star_upgrade\ladder_fpga\rev_1\ladder_fpga_cck_prepass.rpt  -autoconstraint  -freq 1.000  -tcl  D:\renard\star_upgrade\ladder_fpga\ladder_fpga.sdc  -tcl  D:\renard\star_upgrade\ladder_fpga\rev_1\pin_assign.sdc  D:\renard\star_upgrade\ladder_fpga\rev_1\ladder_fpga.srs  -tcl  D:\renard\star_upgrade\ladder_fpga\rev_1\ladder_fpga_fsm.sdc  -flow prepass  -gcc_prepass  -osrd  D:\renard\star_upgrade\ladder_fpga\rev_1\synwork\ladder_fpga_premapping.srd  -qsap  D:\renard\star_upgrade\ladder_fpga\rev_1\ladder_fpga.sap  -devicelib  C:\Synopsys\fpga_E201103\lib\altera\altera.v  -devicelib  C:\Synopsys\fpga_E201103\lib\altera\quartus_II101\cycloneiii.v  -devicelib  C:\Synopsys\fpga_E201103\lib\altera\quartus_II101\altera_mf.v  -devicelib  C:\Synopsys\fpga_E201103\lib\altera\quartus_II101\altera_lpm.v  -devicelib  C:\Synopsys\fpga_E201103\lib\altera\quartus_II101\altera_primitives.v  -ena_vif  D:\renard\star_upgrade\ladder_fpga\rev_1\verif\ladder_fpga.vif  -ologparam  D:\renard\star_upgrade\ladder_fpga\rev_1\syntmp\ladder_fpga.plg  -osyn  D:\renard\star_upgrade\ladder_fpga\rev_1\synwork\ladder_fpga_premapping.srd  -prjdir D:\renard\star_upgrade\ladder_fpga\  -log  D:\renard\star_upgrade\ladder_fpga\rev_1\synlog\ladder_fpga_premapping.srr 
rc:1 success:1
D:\renard\star_upgrade\ladder_fpga\rev_1\ladder_fpga.vqm|o|1316615882|1259609
D:\renard\star_upgrade\ladder_fpga\rev_1\ladder_fpga_cck_prepass.rpt|o|0|0
D:\renard\star_upgrade\ladder_fpga\ladder_fpga.sdc|i|1315582008|9957
D:\renard\star_upgrade\ladder_fpga\rev_1\pin_assign.sdc|i|1315582008|21021
D:\renard\star_upgrade\ladder_fpga\rev_1\ladder_fpga.srs|i|1316778358|479931
D:\renard\star_upgrade\ladder_fpga\rev_1\ladder_fpga_fsm.sdc|i|1315582008|0
D:\renard\star_upgrade\ladder_fpga\rev_1\synwork\ladder_fpga_premapping.srd|o|1316778360|169038
D:\renard\star_upgrade\ladder_fpga\rev_1\ladder_fpga.sap|o|1316778360|334085
C:\Synopsys\fpga_E201103\lib\altera\altera.v|i|1298468536|799
C:\Synopsys\fpga_E201103\lib\altera\quartus_II101\cycloneiii.v|i|1298468572|30740
C:\Synopsys\fpga_E201103\lib\altera\quartus_II101\altera_mf.v|i|1298468572|194873
C:\Synopsys\fpga_E201103\lib\altera\quartus_II101\altera_lpm.v|i|1298468572|14912
C:\Synopsys\fpga_E201103\lib\altera\quartus_II101\altera_primitives.v|i|1298468572|8315
D:\renard\star_upgrade\ladder_fpga\rev_1\verif\ladder_fpga.vif|o|1316778360|2639
D:\renard\star_upgrade\ladder_fpga\rev_1\syntmp\ladder_fpga.plg|o|1316778360|27
D:\renard\star_upgrade\ladder_fpga\rev_1\synwork\ladder_fpga_premapping.srd|o|1316778360|169038
D:\renard\star_upgrade\ladder_fpga\rev_1\synlog\ladder_fpga_premapping.srr|o|1316778360|35644
C:\Synopsys\fpga_E201103\bin64\m_altera.exe|i|1298982816|18129408
C:\Synopsys\fpga_E201103\bin\m_altera.exe|i|1298979202|13557760
