EDA Netlist Writer report for ladder_fpga
Tue May 14 18:54:17 2013
Quartus II 64-Bit Version 11.1 Build 216 11/23/2011 Service Pack 1 SJ Full Version


---------------------
; Table of Contents ;
---------------------
  1. Legal Notice
  2. EDA Netlist Writer Summary
  3. Simulation Settings
  4. Simulation Generated Files
  5. Resynthesis Settings
  6. Resynthesis Generated Files
  7. EDA Netlist Writer Messages



----------------
; Legal Notice ;
----------------
Copyright (C) 1991-2011 Altera Corporation
Your use of Altera Corporation's design tools, logic functions 
and other software and tools, and its AMPP partner logic 
functions, and any output files from any of the foregoing 
(including device programming or simulation files), and any 
associated documentation or information are expressly subject 
to the terms and conditions of the Altera Program License 
Subscription Agreement, Altera MegaCore Function License 
Agreement, or other applicable license agreement, including, 
without limitation, that your use is for the sole purpose of 
programming logic devices manufactured by Altera and sold by 
Altera or its authorized distributors.  Please refer to the 
applicable agreement for further details.



+--------------------------------------------------------------------+
; EDA Netlist Writer Summary                                         ;
+----------------------------+---------------------------------------+
; EDA Netlist Writer Status  ; Successful - Tue May 14 18:54:17 2013 ;
; Revision Name              ; ladder_fpga                           ;
; Top-level Entity Name      ; ladder_fpga                           ;
; Family                     ; Cyclone III                           ;
; Simulation Files Creation  ; Successful                            ;
; Resynthesis Files Creation ; Successful                            ;
+----------------------------+---------------------------------------+


+----------------------------------------------------------------------------------------------------------------------------+
; Simulation Settings                                                                                                        ;
+---------------------------------------------------------------------------------------------------+------------------------+
; Option                                                                                            ; Setting                ;
+---------------------------------------------------------------------------------------------------+------------------------+
; Tool Name                                                                                         ; ModelSim-Altera (VHDL) ;
; Generate netlist for functional simulation only                                                   ; Off                    ;
; Time scale                                                                                        ; 1 ps                   ;
; Truncate long hierarchy paths                                                                     ; Off                    ;
; Map illegal HDL characters                                                                        ; Off                    ;
; Flatten buses into individual nodes                                                               ; Off                    ;
; Maintain hierarchy                                                                                ; Off                    ;
; Bring out device-wide set/reset signals as ports                                                  ; Off                    ;
; Enable glitch filtering                                                                           ; Off                    ;
; Do not write top level VHDL entity                                                                ; Off                    ;
; Disable detection of setup and hold time violations in the input registers of bi-directional pins ; Off                    ;
; Architecture name in VHDL output netlist                                                          ; structure              ;
; Generate third-party EDA tool command script for RTL functional simulation                        ; Off                    ;
; Generate third-party EDA tool command script for gate-level simulation                            ; Off                    ;
+---------------------------------------------------------------------------------------------------+------------------------+


+-----------------------------------------------------------------------------------------------------------------------------------------------------+
; Simulation Generated Files                                                                                                                          ;
+-----------------------------------------------------------------------------------------------------------------------------------------------------+
; Generated Files                                                                                                                                     ;
+-----------------------------------------------------------------------------------------------------------------------------------------------------+
; D:/renard/star_upgrade/doc_www/ts/ladder_fpga_v0d_20130514_ts/ladder_fpga_v0d/rev_1/pr_1/simulation/modelsim/ladder_fpga_6_1200mv_85c_slow.vho      ;
; D:/renard/star_upgrade/doc_www/ts/ladder_fpga_v0d_20130514_ts/ladder_fpga_v0d/rev_1/pr_1/simulation/modelsim/ladder_fpga_6_1200mv_0c_slow.vho       ;
; D:/renard/star_upgrade/doc_www/ts/ladder_fpga_v0d_20130514_ts/ladder_fpga_v0d/rev_1/pr_1/simulation/modelsim/ladder_fpga_min_1200mv_0c_fast.vho     ;
; D:/renard/star_upgrade/doc_www/ts/ladder_fpga_v0d_20130514_ts/ladder_fpga_v0d/rev_1/pr_1/simulation/modelsim/ladder_fpga.vho                        ;
; D:/renard/star_upgrade/doc_www/ts/ladder_fpga_v0d_20130514_ts/ladder_fpga_v0d/rev_1/pr_1/simulation/modelsim/ladder_fpga_6_1200mv_85c_vhd_slow.sdo  ;
; D:/renard/star_upgrade/doc_www/ts/ladder_fpga_v0d_20130514_ts/ladder_fpga_v0d/rev_1/pr_1/simulation/modelsim/ladder_fpga_6_1200mv_0c_vhd_slow.sdo   ;
; D:/renard/star_upgrade/doc_www/ts/ladder_fpga_v0d_20130514_ts/ladder_fpga_v0d/rev_1/pr_1/simulation/modelsim/ladder_fpga_min_1200mv_0c_vhd_fast.sdo ;
; D:/renard/star_upgrade/doc_www/ts/ladder_fpga_v0d_20130514_ts/ladder_fpga_v0d/rev_1/pr_1/simulation/modelsim/ladder_fpga_vhd.sdo                    ;
+-----------------------------------------------------------------------------------------------------------------------------------------------------+


+------------------------------+
; Resynthesis Settings         ;
+-----------+------------------+
; Option    ; Setting          ;
+-----------+------------------+
; Tool Name ; SYNPLIFY PREMIER ;
+-----------+------------------+


+------------------------------------------------------------------------------------------------------------------------------+
; Resynthesis Generated Files                                                                                                  ;
+------------------------------------------------------------------------------------------------------------------------------+
; Generated Files                                                                                                              ;
+------------------------------------------------------------------------------------------------------------------------------+
; D:/renard/star_upgrade/doc_www/ts/ladder_fpga_v0d_20130514_ts/ladder_fpga_v0d/rev_1/pr_1/resynthesis/premier/ladder_fpga.psd ;
+------------------------------------------------------------------------------------------------------------------------------+


+-----------------------------+
; EDA Netlist Writer Messages ;
+-----------------------------+
Info: *******************************************************************
Info: Running Quartus II 64-Bit EDA Netlist Writer
    Info: Version 11.1 Build 216 11/23/2011 Service Pack 1 SJ Full Version
    Info: Processing started: Tue May 14 18:53:37 2013
Info: Command: quartus_eda --read_settings_files=off --write_settings_files=off ladder_fpga -c ladder_fpga
Info (204019): Generated file ladder_fpga_6_1200mv_85c_slow.vho in folder "D:/renard/star_upgrade/doc_www/ts/ladder_fpga_v0d_20130514_ts/ladder_fpga_v0d/rev_1/pr_1/simulation/modelsim/" for EDA simulation tool
Info (204019): Generated file ladder_fpga_6_1200mv_0c_slow.vho in folder "D:/renard/star_upgrade/doc_www/ts/ladder_fpga_v0d_20130514_ts/ladder_fpga_v0d/rev_1/pr_1/simulation/modelsim/" for EDA simulation tool
Info (204019): Generated file ladder_fpga_min_1200mv_0c_fast.vho in folder "D:/renard/star_upgrade/doc_www/ts/ladder_fpga_v0d_20130514_ts/ladder_fpga_v0d/rev_1/pr_1/simulation/modelsim/" for EDA simulation tool
Info (204019): Generated file ladder_fpga.vho in folder "D:/renard/star_upgrade/doc_www/ts/ladder_fpga_v0d_20130514_ts/ladder_fpga_v0d/rev_1/pr_1/simulation/modelsim/" for EDA simulation tool
Info (204019): Generated file ladder_fpga_6_1200mv_85c_vhd_slow.sdo in folder "D:/renard/star_upgrade/doc_www/ts/ladder_fpga_v0d_20130514_ts/ladder_fpga_v0d/rev_1/pr_1/simulation/modelsim/" for EDA simulation tool
Info (204019): Generated file ladder_fpga_6_1200mv_0c_vhd_slow.sdo in folder "D:/renard/star_upgrade/doc_www/ts/ladder_fpga_v0d_20130514_ts/ladder_fpga_v0d/rev_1/pr_1/simulation/modelsim/" for EDA simulation tool
Info (204019): Generated file ladder_fpga_min_1200mv_0c_vhd_fast.sdo in folder "D:/renard/star_upgrade/doc_www/ts/ladder_fpga_v0d_20130514_ts/ladder_fpga_v0d/rev_1/pr_1/simulation/modelsim/" for EDA simulation tool
Info (204019): Generated file ladder_fpga_vhd.sdo in folder "D:/renard/star_upgrade/doc_www/ts/ladder_fpga_v0d_20130514_ts/ladder_fpga_v0d/rev_1/pr_1/simulation/modelsim/" for EDA simulation tool
Info: Quartus II 64-Bit EDA Netlist Writer was successful. 0 errors, 0 warnings
    Info: Peak virtual memory: 380 megabytes
    Info: Processing ended: Tue May 14 18:54:17 2013
    Info: Elapsed time: 00:00:40
    Info: Total CPU time (on all processors): 00:00:05


