Info: *******************************************************************
Info: Running Quartus II 64-Bit Shell
    Info: Version 12.1 Build 243 01/31/2013 Service Pack 1 SJ Full Version
    Info: Copyright (C) 1991-2012 Altera Corporation. All rights reserved.
    Info: Your use of Altera Corporation's design tools, logic functions 
    Info: and other software and tools, and its AMPP partner logic 
    Info: functions, and any output files from any of the foregoing 
    Info: (including device programming or simulation files), and any 
    Info: associated documentation or information are expressly subject 
    Info: to the terms and conditions of the Altera Program License 
    Info: Subscription Agreement, Altera MegaCore Function License 
    Info: Agreement, or other applicable license agreement, including, 
    Info: without limitation, that your use is for the sole purpose of 
    Info: programming logic devices manufactured by Altera and sold by 
    Info: Altera or its authorized distributors.  Please refer to the 
    Info: applicable agreement for further details.
    Info: Processing started: Fri May 17 00:46:19 2013
Info: Command: quartus_sh -t D:\renard\star_upgrade\doc_www\ts\ladder_fpga_v0d_20130514_ts\ladder_fpga_v0d\rev_1\ladder_fpga_cons.tcl -t D:\renard\star_upgrade\doc_www\ts\ladder_fpga_v0d_20130514_ts\ladder_fpga_v0d\rev_1\altera_par.tcl
Info: Quartus(args): -t {D:\renard\star_upgrade\doc_www\ts\ladder_fpga_v0d_20130514_ts\ladder_fpga_v0d\rev_1\altera_par.tcl}
------------------------------------------------
ERROR: Cannot open project: ladder_fpga.quartus. The project is not compatible with the installed version of the Quartus II software. Opening the project will overwrite the old project database. If you wish to overwrite the old project database, make sure to specify the -force option.

    while executing
"project_open $projname"
    (procedure "syn_create_and_open_prj" line 17)
    invoked from within
"syn_create_and_open_prj ladder_fpga"
    (file "D:\renard\star_upgrade\doc_www\ts\ladder_fpga_v0d_20130514_ts\ladder_fpga_v0d\rev_1\ladder_fpga_cons.tcl" line 7)
------------------------------------------------
Error (23031): Evaluation of Tcl script D:\renard\star_upgrade\doc_www\ts\ladder_fpga_v0d_20130514_ts\ladder_fpga_v0d\rev_1\ladder_fpga_cons.tcl unsuccessful
Error: Quartus II 64-Bit Shell was unsuccessful. 1 error, 0 warnings
    Error: Peak virtual memory: 183 megabytes
    Error: Processing ended: Fri May 17 00:46:19 2013
    Error: Elapsed time: 00:00:00
    Error: Total CPU time (on all processors): 00:00:00
